<?xml version="1.0" encoding="UTF-8"?>
<!-- Generated by org.testng.reporters.JUnitReportReporter -->
<testsuite name="pk_appium.Launch_Amazon_App" tests="1" time="3.876" ignored="0" failures="0" timestamp="14 Oct 2020 13:42:24 GMT" skipped="0" hostname="HIBACL131408" errors="0">
  <testcase name="testCal" time="3.876" classname="pk_appium.Launch_Amazon_App"/>
</testsuite> <!-- pk_appium.Launch_Amazon_App -->
