<?xml version="1.0" encoding="UTF-8"?>
<!-- Generated by org.testng.reporters.JUnitReportReporter -->
<testsuite skipped="0" hostname="LAPTOP-CNPB3TNK" name="pk_appium.EriBank_App_DataDrivenTesting" tests="4" failures="0" timestamp="2024-03-31T13:53:10 IST" time="34.159" errors="0">
  <testcase name="EriBank_SignOn" time="5.090" classname="pk_appium.EriBank_App_DataDrivenTesting"/>
  <system-out/>
  <testcase name="EriBank_MakePayment" time="9.936" classname="pk_appium.EriBank_App_DataDrivenTesting"/>
  <system-out/>
  <testcase name="EriBank_MakePayment" time="9.136" classname="pk_appium.EriBank_App_DataDrivenTesting"/>
  <system-out/>
  <testcase name="EriBank_MakePayment" time="9.997" classname="pk_appium.EriBank_App_DataDrivenTesting"/>
  <system-out/>
</testsuite> <!-- pk_appium.EriBank_App_DataDrivenTesting -->
