<?xml version="1.0" encoding="UTF-8"?>
<!-- Generated by org.testng.reporters.JUnitReportReporter -->
<testsuite name="pk_appium.Shutterfly_Parallel_Execution" tests="4" time="53.706" ignored="0" failures="0" timestamp="05 Dec 2020 17:21:00 GMT" skipped="0" hostname="HIBACL131408" errors="0">
  <testcase name="EriBank_MakePayment" time="11.167" classname="pk_appium.Shutterfly_Parallel_Execution"/>
  <testcase name="EriBank_SignOn" time="14.818" classname="pk_appium.Shutterfly_Parallel_Execution"/>
  <testcase name="EriBank_SignOn" time="4.650" classname="pk_appium.Shutterfly_Parallel_Execution"/>
  <testcase name="EriBank_MakePayment" time="23.071" classname="pk_appium.Shutterfly_Parallel_Execution"/>
</testsuite> <!-- pk_appium.Shutterfly_Parallel_Execution -->
