<?xml version="1.0" encoding="UTF-8"?>
<!-- Generated by org.testng.reporters.JUnitReportReporter -->
<testsuite name="pk_appium.Shutterfly_App_Test" tests="1" time="27.104" ignored="0" failures="0" timestamp="14 Oct 2020 16:26:56 GMT" skipped="0" hostname="HIBACL131408" errors="0">
  <testcase name="basicTest" time="27.104" classname="pk_appium.Shutterfly_App_Test"/>
</testsuite> <!-- pk_appium.Shutterfly_App_Test -->
