<?xml version="1.0" encoding="UTF-8"?>
<!-- Generated by org.testng.reporters.JUnitReportReporter -->
<testsuite name="pk_appium.WindowsOS_App_Notepad" tests="1" time="12.200" ignored="0" failures="0" timestamp="29 Aug 2020 16:20:35 GMT" skipped="0" hostname="HIBACL131408" errors="0">
  <testcase name="testWeatherApp" time="12.200" classname="pk_appium.WindowsOS_App_Notepad"/>
</testsuite> <!-- pk_appium.WindowsOS_App_Notepad -->
