<?xml version="1.0" encoding="UTF-8"?>
<!-- Generated by org.testng.reporters.JUnitReportReporter -->
<testsuite name="pk_appium.EriBank_TestNG" tests="1" time="17.340" ignored="0" failures="0" timestamp="23 Sep 2021 06:22:52 GMT" skipped="0" hostname="HIBACL131408" errors="0">
  <testcase name="Login" time="17.340" classname="pk_appium.EriBank_TestNG"/>
</testsuite> <!-- pk_appium.EriBank_TestNG -->
