<?xml version="1.0" encoding="UTF-8"?>
<!-- Generated by org.testng.reporters.JUnitReportReporter -->
<testsuite name="pk_appium.Shutterfly_Mobile_Browser_Test" tests="1" time="32.055" ignored="0" failures="0" timestamp="03 Dec 2020 05:44:45 GMT" skipped="0" hostname="HIBACL131408" errors="0">
  <testcase name="Login" time="32.055" classname="pk_appium.Shutterfly_Mobile_Browser_Test"/>
</testsuite> <!-- pk_appium.Shutterfly_Mobile_Browser_Test -->
