<?xml version="1.0" encoding="UTF-8"?>
<!-- Generated by org.testng.reporters.JUnitReportReporter -->
<testsuite skipped="0" hostname="LAPTOP-CNPB3TNK" name="pk_appium.TapAction_Example_Simulator" tests="1" failures="0" timestamp="2024-03-31T14:04:58 IST" time="14.892" errors="0">
  <testcase name="TapByElement_Test" time="14.892" classname="pk_appium.TapAction_Example_Simulator"/>
  <system-out/>
</testsuite> <!-- pk_appium.TapAction_Example_Simulator -->
