<?xml version="1.0" encoding="UTF-8"?>
<!-- Generated by org.testng.reporters.JUnitReportReporter -->
<testsuite skipped="0" hostname="LAPTOP-CNPB3TNK" name="pk_appium.Shutterfly_App_BrowserStack_iOS" tests="1" failures="0" timestamp="2024-04-03T18:59:06 IST" time="3.326" errors="0">
  <testcase name="basicTest" time="3.326" classname="pk_appium.Shutterfly_App_BrowserStack_iOS"/>
  <system-out/>
</testsuite> <!-- pk_appium.Shutterfly_App_BrowserStack_iOS -->
