<?xml version="1.0" encoding="UTF-8"?>
<!-- Generated by org.testng.reporters.JUnitReportReporter -->
<testsuite skipped="0" hostname="LAPTOP-CNPB3TNK" name="pk_appium.Shutterfly_App_BrowserStack_Andriod" tests="1" failures="0" timestamp="2024-04-03T18:55:39 IST" time="6.835" errors="0">
  <testcase name="basicTest" time="6.835" classname="pk_appium.Shutterfly_App_BrowserStack_Andriod"/>
  <system-out/>
</testsuite> <!-- pk_appium.Shutterfly_App_BrowserStack_Andriod -->
