<?xml version="1.0" encoding="UTF-8"?>
<!-- Generated by org.testng.reporters.JUnitReportReporter -->
<testsuite skipped="0" hostname="LAPTOP-CNPB3TNK" name="pk_appium.BrowserStack_Example" tests="1" failures="0" timestamp="2024-04-03T18:13:06 IST" time="29.189" errors="0">
  <testcase name="browserStack_Test" time="29.189" classname="pk_appium.BrowserStack_Example"/>
  <system-out/>
</testsuite> <!-- pk_appium.BrowserStack_Example -->
