<?xml version="1.0" encoding="UTF-8"?>
<!-- Generated by org.testng.reporters.JUnitReportReporter -->
<testsuite name="pk_appium.EriBank_App_BrowserStack_Andriod" tests="1" time="10.443" ignored="0" failures="0" timestamp="02 Dec 2020 17:19:34 GMT" skipped="0" hostname="HIBACL131408" errors="0">
  <testcase name="DragDrop" time="10.443" classname="pk_appium.EriBank_App_BrowserStack_Andriod"/>
</testsuite> <!-- pk_appium.EriBank_App_BrowserStack_Andriod -->
