<?xml version="1.0" encoding="UTF-8"?>
<!-- Generated by org.testng.reporters.JUnitReportReporter -->
<testsuite name="pk_appium.BatchExecution" tests="1" time="0.021" ignored="0" failures="0" timestamp="05 Dec 2020 10:00:42 GMT" skipped="0" hostname="HIBACL131408" errors="0">
  <testcase name="SmokeTestExecution" time="0.021" classname="pk_appium.BatchExecution"/>
</testsuite> <!-- pk_appium.BatchExecution -->
