<?xml version="1.0" encoding="UTF-8"?>
<!-- Generated by org.testng.reporters.JUnitReportReporter -->
<testsuite skipped="0" hostname="LAPTOP-CNPB3TNK" name="pk_appium.EriBank_App_Test_Device_Start_Runtime" tests="2" failures="0" timestamp="2024-03-31T13:54:58 IST" time="15.913" errors="0">
  <testcase name="EriBank_SignOn" time="5.215" classname="pk_appium.EriBank_App_Test_Device_Start_Runtime"/>
  <system-out/>
  <testcase name="EriBank_MakePayment" time="10.698" classname="pk_appium.EriBank_App_Test_Device_Start_Runtime"/>
  <system-out/>
</testsuite> <!-- pk_appium.EriBank_App_Test_Device_Start_Runtime -->
