<?xml version="1.0" encoding="UTF-8"?>
<!-- Generated by org.testng.reporters.JUnitReportReporter -->
<testsuite skipped="0" hostname="LAPTOP-CNPB3TNK" name="pk_appium.EriBank_App_Make_Payment_VerifyPayment" tests="2" failures="0" timestamp="2024-03-31T13:46:50 IST" time="15.637" errors="0">
  <testcase name="EriBank_SignOn" time="5.207" classname="pk_appium.EriBank_App_Make_Payment_VerifyPayment"/>
  <system-out/>
  <testcase name="Verify_Balance" time="10.430" classname="pk_appium.EriBank_App_Make_Payment_VerifyPayment"/>
  <system-out/>
</testsuite> <!-- pk_appium.EriBank_App_Make_Payment_VerifyPayment -->
