<?xml version="1.0" encoding="UTF-8"?>
<!-- Generated by org.testng.reporters.JUnitReportReporter -->
<testsuite skipped="0" hostname="LAPTOP-CNPB3TNK" name="pk_appium.Drag_Drop_Example" tests="1" failures="0" timestamp="2024-03-31T14:10:37 IST" time="3.443" errors="0">
  <testcase name="DragDrop" time="3.443" classname="pk_appium.Drag_Drop_Example"/>
  <system-out/>
</testsuite> <!-- pk_appium.Drag_Drop_Example -->
