<?xml version="1.0" encoding="UTF-8"?>
<!-- Generated by org.testng.reporters.JUnitReportReporter -->
<testsuite skipped="0" hostname="LAPTOP-CNPB3TNK" name="pk_appium.TapAction_Example_LiveDevice" tests="1" failures="0" timestamp="2023-11-08T18:43:15 IST" time="6.471" errors="0">
  <testcase name="Swipe_Test" time="6.471" classname="pk_appium.TapAction_Example_LiveDevice"/>
  <system-out/>
</testsuite> <!-- pk_appium.TapAction_Example_LiveDevice -->
