<?xml version="1.0" encoding="UTF-8"?>
<!-- Generated by org.testng.reporters.JUnitReportReporter -->
<testsuite name="pk_appium.SmokeTest" tests="1" time="0.010" ignored="0" failures="0" timestamp="14 Oct 2020 16:19:27 GMT" skipped="0" hostname="HIBACL131408" errors="0">
  <testcase name="SmokeTestSuite" time="0.010" classname="pk_appium.SmokeTest"/>
</testsuite> <!-- pk_appium.SmokeTest -->
