<?xml version="1.0" encoding="UTF-8"?>
<!-- Generated by org.testng.reporters.JUnitReportReporter -->
<testsuite skipped="0" hostname="LAPTOP-CNPB3TNK" name="pk_appium.EriBank_App_DataDrivenTesting_Parameters" tests="3" failures="0" timestamp="2023-11-09T13:01:27 IST" time="47.765" errors="0">
  <testcase name="EriBank_MakePayment" time="15.497" classname="pk_appium.EriBank_App_DataDrivenTesting_Parameters"/>
  <system-out/>
  <testcase name="EriBank_MakePayment" time="16.544" classname="pk_appium.EriBank_App_DataDrivenTesting_Parameters"/>
  <system-out/>
  <testcase name="EriBank_MakePayment" time="15.724" classname="pk_appium.EriBank_App_DataDrivenTesting_Parameters"/>
  <system-out/>
</testsuite> <!-- pk_appium.EriBank_App_DataDrivenTesting_Parameters -->
