<?xml version="1.0" encoding="UTF-8"?>
<!-- Generated by org.testng.reporters.JUnitReportReporter -->
<testsuite skipped="0" hostname="LAPTOP-CNPB3TNK" name="pk_MyDempApp.EriBank_App_Make_Payment" tests="2" failures="0" timestamp="2024-04-05T16:36:05 IST" time="17.127" errors="0">
  <testcase name="LaunchApp" time="14.657" classname="pk_MyDempApp.EriBank_App_Make_Payment"/>
  <system-out/>
  <testcase name="EriBank_SignOn" time="2.470" classname="pk_MyDempApp.EriBank_App_Make_Payment"/>
  <system-out/>
</testsuite> <!-- pk_MyDempApp.EriBank_App_Make_Payment -->
