<?xml version="1.0" encoding="UTF-8"?>
<!-- Generated by org.testng.reporters.JUnitReportReporter -->
<testsuite skipped="0" hostname="LAPTOP-CNPB3TNK" name="pk_appium.Start_Appium_Server" tests="1" failures="0" timestamp="2023-11-08T13:18:27 IST" time="10.035" errors="0">
  <testcase name="Start_Appium_Server" time="10.035" classname="pk_appium.Start_Appium_Server"/>
  <system-out/>
</testsuite> <!-- pk_appium.Start_Appium_Server -->
