<?xml version="1.0" encoding="UTF-8"?>
<!-- Generated by org.testng.reporters.JUnitReportReporter -->
<testsuite skipped="0" hostname="LAPTOP-CNPB3TNK" name="pk_appium.TestScrollUpandDown" tests="1" failures="0" timestamp="2024-03-31T14:08:26 IST" time="16.282" errors="0">
  <testcase name="ScrollUpDown" time="16.282" classname="pk_appium.TestScrollUpandDown"/>
  <system-out/>
</testsuite> <!-- pk_appium.TestScrollUpandDown -->
