<?xml version="1.0" encoding="UTF-8"?>
<!-- Generated by org.testng.reporters.JUnitReportReporter -->
<testsuite skipped="0" hostname="LAPTOP-CNPB3TNK" name="pk_appium.EriBank_App_Test" tests="1" failures="0" timestamp="2023-11-09T10:42:41 IST" time="4.629" errors="0">
  <testcase name="EriBank_SignOn" time="4.629" classname="pk_appium.EriBank_App_Test"/>
  <system-out/>
</testsuite> <!-- pk_appium.EriBank_App_Test -->
