<?xml version="1.0" encoding="UTF-8"?>
<!-- Generated by org.testng.reporters.JUnitReportReporter -->
<testsuite skipped="0" hostname="LAPTOP-CNPB3TNK" name="pk_appium.EriBank_MakePayment_Parameter" tests="2" failures="0" timestamp="2023-11-09T10:01:50 IST" time="14.816" errors="0">
  <testcase name="EriBank_SignOn" time="4.675" classname="pk_appium.EriBank_MakePayment_Parameter"/>
  <system-out/>
  <testcase name="Verify_Balance" time="10.141" classname="pk_appium.EriBank_MakePayment_Parameter"/>
  <system-out/>
</testsuite> <!-- pk_appium.EriBank_MakePayment_Parameter -->
