<?xml version="1.0" encoding="UTF-8"?>
<!-- Generated by org.testng.reporters.JUnitReportReporter -->
<testsuite skipped="0" hostname="LAPTOP-CNPB3TNK" name="pk_appium.ScrollContactsTest" tests="1" failures="0" timestamp="2024-03-31T13:58:45 IST" time="48.517" errors="0">
  <testcase name="ScrollTOoContact" time="48.517" classname="pk_appium.ScrollContactsTest"/>
  <system-out/>
</testsuite> <!-- pk_appium.ScrollContactsTest -->
