<?xml version="1.0" encoding="UTF-8"?>
<!-- Generated by org.testng.reporters.JUnitReportReporter -->
<testsuite hostname="HIBACL131408" failures="0" tests="1" name="pk_appium.BrowserStack_Andriod_Default_App" time="10.274" errors="0" timestamp="2022-11-17T11:32:42 IST" skipped="0">
  <testcase classname="pk_appium.BrowserStack_Andriod_Default_App" name="Wikipedia" time="10.274"/>
  <system-out/>
</testsuite> <!-- pk_appium.BrowserStack_Andriod_Default_App -->
