<?xml version="1.0" encoding="UTF-8"?>
<!-- Generated by org.testng.reporters.JUnitReportReporter -->
<testsuite name="pk_appium.LongPress_Example_Simulator" tests="1" time="22.584" ignored="0" failures="0" timestamp="03 Dec 2020 16:52:37 GMT" skipped="0" hostname="HIBACL131408" errors="0">
  <testcase name="Swipe_Test" time="22.584" classname="pk_appium.LongPress_Example_Simulator"/>
</testsuite> <!-- pk_appium.LongPress_Example_Simulator -->
