<?xml version="1.0" encoding="UTF-8"?>
<!-- Generated by org.testng.reporters.JUnitReportReporter -->
<testsuite name="pk_appium.TapAction_Example" tests="1" time="6.933" ignored="0" failures="0" timestamp="03 Dec 2020 11:18:03 GMT" skipped="0" hostname="HIBACL131408" errors="0">
  <testcase name="Swipe_Test" time="6.933" classname="pk_appium.TapAction_Example"/>
</testsuite> <!-- pk_appium.TapAction_Example -->
