<?xml version="1.0" encoding="UTF-8"?>
<!-- Generated by org.testng.reporters.JUnitReportReporter -->
<testsuite skipped="0" hostname="LAPTOP-CNPB3TNK" name="pk_appium.Calculator_App_Test" tests="1" failures="0" timestamp="2023-11-07T15:24:58 IST" time="3.930" errors="0">
  <testcase name="testCal" time="3.930" classname="pk_appium.Calculator_App_Test"/>
  <system-out/>
</testsuite> <!-- pk_appium.Calculator_App_Test -->
