<?xml version="1.0" encoding="UTF-8"?>
<!-- Generated by org.testng.reporters.JUnitReportReporter -->
<testsuite skipped="2" hostname="LAPTOP-CNPB3TNK" name="pk_appium.Start_Stop_Server_Using_Code_Direct" tests="3" failures="0" timestamp="2023-11-08T11:15:17 IST" time="122.286" errors="1">
  <testcase name="setup" time="122.286" classname="pk_appium.Start_Stop_Server_Using_Code_Direct">
    <error type="io.appium.java_client.service.local.AppiumServerHasNotBeenStartedLocallyException" message="The local appium server has not been started. The given Node.js executable: C:\Program Files\nodejs\node.exe Arguments: [C:\Users\abhin\AppData\Roaming\npm\node_modules\appium\build\lib\main.js, --port, 4723, --address, 0.0.0.0] 
Process output: P][0m [37m&lt;-- GET /wd/hub/status [39m[33m404[39m [90m1 ms - 211[39m
[38;5;0m[HTTP][0m [90m[39m
[38;5;0m[HTTP][0m [37m--&gt;[39m [37mGET[39m [37m/wd/hub/status[39m
[38;5;0m[HTTP][0m [90m{}[39m
[38;5;0m[HTTP][0m No route found for /wd/hub/status
[38;5;0m[HTTP][0m [37m&lt;-- GET /wd/hub/status [39m[33m404[39m [90m1 ms - 211[39m
[38;5;0m[HTTP][0m [90m[39m
[38;5;0m[HTTP][0m [37m--&gt;[39m [37mGET[39m [37m/wd/hub/status[39m
[38;5;0m[HTTP][0m [90m{}[39m
[38;5;0m[HTTP][0m No route found for /wd/hub/status
[38;5;0m[HTTP][0m [37m&lt;-- GET /wd/hub/status [39m[33m404[39m [90m1 ms - 211[39m
[38;5;0m[HTTP][0m [90m[39m
[38;5;0m[HTTP][0m [37m--&gt;[39m [37mGET[39m [37m/wd/hub/status[39m
[38;5;0m[HTTP][0m [90m{}[39m
[38;5;0m[HTTP][0m No route found for /wd/hub/status
[38;5;0m[HTTP][0m [37m&lt;-- GET /wd/hub/status [39m[33m404[39m [90m1 ms - 211[39m
[38;5;0m[HTTP][0m [90m[39m
[38;5;0m[HTTP][0m [37m--&gt;[39m [37mGET[39m [37m/wd/hub/status[39m
[38;5;0m[HTTP][0m [90m{}[39m
[38;5;0m[HTTP][0m No route found for /wd/hub/status
[38;5;0m[HTTP][0m [37m&lt;-- GET /wd/hub/status [39m[33m404[39m [90m1 ms - 211[39m
[38;5;0m[HTTP][0m [90m[39m
[38;5;0m[HTTP][0m [37m--&gt;[39m [37mGET[39m [37m/wd/hub/status[39m
[38;5;0m[HTTP][0m [90m{}[39m
[38;5;0m[HTTP][0m No route found for /wd/hub/status
[38;5;0m[HTTP][0m [37m&lt;-- GET /wd/hub/status [39m[33m404[39m [90m1 ms - 211[39m
[38;5;0m[HTTP][0m [90m[39m
[38;5;0m[HTTP][0m [37m--&gt;[39m [37mGET[39m [37m/wd/hub/status[39m
[38;5;0m[HTTP][0m [90m{}[39m
[38;5;0m[HTTP][0m No route found for /wd/hub/status
[38;5;0m[HTTP][0m [37m&lt;-- GET /wd/hub/status [39m[33m404[39m [90m1 ms - 211[39m
[38;5;0m[HTTP][0m [90m[39m
[38;5;0m[HTTP][0m [37m--&gt;[39m [37mGET[39m [37m/wd/hub/status[39m
[38;5;0m[HTTP][0m [90m{}[39m
[38;5;0m[HTTP][0m No route found for /wd/hub/status
[38;5;0m[HTTP][0m [37m&lt;-- GET /wd/hub/status [39m[33m404[39m [90m1 ms - 211[39m
[38;5;0m[HTTP][0m [90m[39m
[38;5;0m[HTTP][0m [37m--&gt;[39m [37mGET[39m [37m/wd/hub/status[39m
[38;5;0m[HTTP][0m [90m{}[39m
[38;5;0m[HTTP][0m No route found for /wd/hub/status
[38;5;0m[HTTP][0m [37m&lt;-- GET /wd/hub/status [39m[33m404[39m [90m1 ms - 211[39m
[38;5;0m[HTTP][0m [90m[39m
[38;5;0m[HTTP][0m [37m--&gt;[39m [37mGET[39m [37m/wd/hub/status[39m
[38;5;0m[HTTP][0m [90m{}[39m
[38;5;0m[HTTP][0m No route found for /wd/hub/status
[38;5;0m[HTTP][0m [37m&lt;-- GET /wd/hub/status [39m[33m404[39m [90m1 ms - 211[39m
[38;5;0m[HTTP][0m [90m[39m
[38;5;0m[HTTP][0m [37m--&gt;[39m [37mGET[39m [37m/wd/hub/status[39m
[38;5;0m[HTTP][0m [90m{}[39m
[38;5;0m[HTTP][0m No route found for /wd/hub/status
[38;5;0m[HTTP][0m [37m&lt;-- GET /wd/hub/status [39m[33m404[39m [90m1 ms - 211[39m
[38;5;0m[HTTP][0m [90m[39m
[38;5;0m[HTTP][0m [37m--&gt;[39m [37mGET[39m [37m/wd/hub/status[39m
[38;5;0m[HTTP][0m [90m{}[39m
[38;5;0m[HTTP][0m No route found for /wd/hub/status
[38;5;0m[HTTP][0m [37m&lt;-- GET /wd/hub/status [39m[33m404[39m [90m1 ms - 211[39m
[38;5;0m[HTTP][0m [90m[39m
[38;5;0m[HTTP][0m [37m--&gt;[39m [37mGET[39m [37m/wd/hub/status[39m
[38;5;0m[HTTP][0m [90m{}[39m
[38;5;0m[HTTP][0m No route found for /wd/hub/status
[38;5;0m[HTTP][0m [37m&lt;-- GET /wd/hub/status [39m[33m404[39m [90m1 ms - 211[39m
[38;5;0m[HTTP][0m [90m[39m
[38;5;0m[HTTP][0m [37m--&gt;[39m [37mGET[39m [37m/wd/hub/status[39m
[38;5;0m[HTTP][0m [90m{}[39m
[38;5;0m[HTTP][0m No route found for /wd/hub/status
[38;5;0m[HTTP][0m [37m&lt;-- GET /wd/hub/status [39m[33m404[39m [90m1 ms - 211[39m
[38;5;0m[HTTP][0m [90m[39m
[38;5;0m[HTTP][0m [37m--&gt;[39m [37mGET[39m [37m/wd/hub/status[39m
[38;5;0m[HTTP][0m [90m{}[39m
[38;5;0m[HTTP][0m No route found for /wd/hub/status
[38;5;0m[HTTP][0m [37m&lt;-- GET /wd/hub/status [39m[33m404[39m [90m1 ms - 211[39m
[38;5;0m[HTTP][0m [90m[39m
[38;5;0m[HTTP][0m [37m--&gt;[39m [37mGET[39m [37m/wd/hub/status[39m
[38;5;0m[HTTP][0m [90m{}[39m
[38;5;0m[HTTP][0m No route found for /wd/hub/status
[38;5;0m[HTTP][0m [37m&lt;-- GET /wd/hub/status [39m[33m404[39m [90m1 ms - 211[39m
[38;5;0m[HTTP][0m [90m[39m
[38;5;0m[HTTP][0m [37m--&gt;[39m [37mGET[39m [37m/wd/hub/status[39m
[38;5;0m[HTTP][0m [90m{}[39m
[38;5;0m[HTTP][0m No route found for /wd/hub/status
[38;5;0m[HTTP][0m [37m&lt;-- GET /wd/hub/status [39m[33m404[39m [90m1 ms - 211[39m
[38;5;0m[HTTP][0m [90m[39m
[38;5;0m[HTTP][0m [37m--&gt;[39m [37mGET[39m [37m/wd/hub/status[39m
[38;5;0m[HTTP][0m [90m{}[39m
[38;5;0m[HTTP][0m No route found for /wd/hub/status
[38;5;0m[HTTP][0m [37m&lt;-- GET /wd/hub/status [39m[33m404[39m [90m1 ms - 211[39m
[38;5;0m[HTTP][0m [90m[39m
[38;5;0m[HTTP][0m [37m--&gt;[39m [37mGET[39m [37m/wd/hub/status[39m
[38;5;0m[HTTP][0m [90m{}[39m
[38;5;0m[HTTP][0m No route found for /wd/hub/status
[38;5;0m[HTTP][0m [37m&lt;-- GET /wd/hub/status [39m[33m404[39m [90m1 ms - 211[39m
[38;5;0m[HTTP][0m [90m[39m
[38;5;0m[HTTP][0m [37m--&gt;[39m [37mGET[39m [37m/wd/hub/status[39m
[38;5;0m[HTTP][0m [90m{}[39m
[38;5;0m[HTTP][0m No route found for /wd/hub/status
[38;5;0m[HTTP][0m [37m&lt;-- GET /wd/hub/status [39m[33m404[39m [90m1 ms - 211[39m
[38;5;0m[HTTP][0m [90m[39m
[38;5;0m[HTTP][0m [37m--&gt;[39m [37mGET[39m [37m/wd/hub/status[39m
[38;5;0m[HTTP][0m [90m{}[39m
[38;5;0m[HTTP][0m No route found for /wd/hub/status
[38;5;0m[HTTP][0m [37m&lt;-- GET /wd/hub/status [39m[33m404[39m [90m1 ms - 211[39m
[38;5;0m[HTTP][0m [90m[39m
[38;5;0m[HTTP][0m [37m--&gt;[39m [37mGET[39m [37m/wd/hub/status[39m
[38;5;0m[HTTP][0m [90m{}[39m
[38;5;0m[HTTP][0m No route found for /wd/hub/status
[38;5;0m[HTTP][0m [37m&lt;-- GET /wd/hub/status [39m[33m404[39m [90m1 ms - 211[39m
[38;5;0m[HTTP][0m [90m[39m
[38;5;0m[HTTP][0m [37m--&gt;[39m [37mGET[39m [37m/wd/hub/status[39m
[38;5;0m[HTTP][0m [90m{}[39m
[38;5;0m[HTTP][0m No route found for /wd/hub/status
[38;5;0m[HTTP][0m [37m&lt;-- GET /wd/hub/status [39m[33m404[39m [90m1 ms - 211[39m
[38;5;0m[HTTP][0m [90m[39m
[38;5;0m[HTTP][0m [37m--&gt;[39m [37mGET[39m [37m/wd/hub/status[39m
[38;5;0m[HTTP][0m [90m{}[39m
[38;5;0m[HTTP][0m No route found for /wd/hub/status
[38;5;0m[HTTP][0m [37m&lt;-- GET /wd/hub/status [39m[33m404[39m [90m1 ms - 211[39m
[38;5;0m[HTTP][0m [90m[39m
[38;5;0m[HTTP][0m [37m--&gt;[39m [37mGET[39m [37m/wd/hub/status[39m
[38;5;0m[HTTP][0m [90m{}[39m
[38;5;0m[HTTP][0m No route found for /wd/hub/status
[38;5;0m[HTTP][0m [37m&lt;-- GET /wd/hub/status [39m[33m404[39m [90m1 ms - 211[39m
[38;5;0m[HTTP][0m [90m[39m
[38;5;0m[HTTP][0m [37m--&gt;[39m [37mGET[39m [37m/wd/hub/status[39m
[38;5;0m[HTTP][0m [90m{}[39m
[38;5;0m[HTTP][0m No route found for /wd/hub/status
[38;5;0m[HTTP][0m [37m&lt;-- GET /wd/hub/status [39m[33m404[39m [90m1 ms - 211[39m
[38;5;0m[HTTP][0m [90m[39m
[38;5;0m[HTTP][0m [37m--&gt;[39m [37mGET[39m [37m/wd/hub/status[39m
[38;5;0m[HTTP][0m [90m{}[39m
[38;5;0m[HTTP][0m No route found for /wd/hub/status
[38;5;0m[HTTP][0m [37m&lt;-- GET /wd/hub/status [39m[33m404[39m [90m1 ms - 211[39m
[38;5;0m[HTTP][0m [90m[39m
[38;5;0m[HTTP][0m [37m--&gt;[39m [37mGET[39m [37m/wd/hub/status[39m
[38;5;0m[HTTP][0m [90m{}[39m
[38;5;0m[HTTP][0m No route found for /wd/hub/status
[38;5;0m[HTTP][0m [37m&lt;-- GET /wd/hub/status [39m[33m404[39m [90m1 ms - 211[39m
[38;5;0m[HTTP][0m [90m[39m
[38;5;0m[HTTP][0m [37m--&gt;[39m [37mGET[39m [37m/wd/hub/status[39m
[38;5;0m[HTTP][0m [90m{}[39m
[38;5;0m[HTTP][0m No route found for /wd/hub/status
[38;5;0m[HTTP][0m [37m&lt;-- GET /wd/hub/status [39m[33m404[39m [90m1 ms - 211[39m
[38;5;0m[HTTP][0m [90m[39m
[38;5;0m[HTTP][0m [37m--&gt;[39m [37mGET[39m [37m/wd/hub/status[39m
[38;5;0m[HTTP][0m [90m{}[39m
[38;5;0m[HTTP][0m No route found for /wd/hub/status
[38;5;0m[HTTP][0m [37m&lt;-- GET /wd/hub/status [39m[33m404[39m [90m1 ms - 211[39m
[38;5;0m[HTTP][0m [90m[39m
[38;5;0m[HTTP][0m [37m--&gt;[39m [37mGET[39m [37m/wd/hub/status[39m
[38;5;0m[HTTP][0m [90m{}[39m
[38;5;0m[HTTP][0m No route found for /wd/hub/status
[38;5;0m[HTTP][0m [37m&lt;-- GET /wd/hub/status [39m[33m404[39m [90m1 ms - 211[39m
[38;5;0m[HTTP][0m [90m[39m
[38;5;0m[HTTP][0m [37m--&gt;[39m [37mGET[39m [37m/wd/hub/status[39m
[38;5;0m[HTTP][0m [90m{}[39m
[38;5;0m[HTTP][0m No route found for /wd/hub/status
[38;5;0m[HTTP][0m [37m&lt;-- GET /wd/hub/status [39m[33m404[39m [90m1 ms - 211[39m
[38;5;0m[HTTP][0m [90m[39m
[38;5;0m[HTTP][0m [37m--&gt;[39m [37mGET[39m [37m/wd/hub/status[39m
[38;5;0m[HTTP][0m [90m{}[39m
[38;5;0m[HTTP][0m No route found for /wd/hub/status
[38;5;0m[HTTP][0m [37m&lt;-- GET /wd/hub/status [39m[33m404[39m [90m1 ms - 211[39m
[38;5;0m[HTTP][0m [90m[39m
[38;5;0m[HTTP][0m [37m--&gt;[39m [37mGET[39m [37m/wd/hub/status[39m
[38;5;0m[HTTP][0m [90m{}[39m
[38;5;0m[HTTP][0m No route found for /wd/hub/status
[38;5;0m[HTTP][0m [37m&lt;-- GET /wd/hub/status [39m[33m404[39m [90m1 ms - 211[39m
[38;5;0m[HTTP][0m [90m[39m
[38;5;0m[HTTP][0m [37m--&gt;[39m [37mGET[39m [37m/wd/hub/status[39m
[38;5;0m[HTTP][0m [90m{}[39m
[38;5;0m[HTTP][0m No route found for /wd/hub/status
[38;5;0m[HTTP][0m [37m&lt;-- GET /wd/hub/status [39m[33m404[39m [90m1 ms - 211[39m
[38;5;0m[HTTP][0m [90m[39m
[38;5;0m[HTTP][0m [37m--&gt;[39m [37mGET[39m [37m/wd/hub/status[39m
[38;5;0m[HTTP][0m [90m{}[39m
[38;5;0m[HTTP][0m No route found for /wd/hub/status
[38;5;0m[HTTP][0m [37m&lt;-- GET /wd/hub/status [39m[33m404[39m [90m1 ms - 211[39m
[38;5;0m[HTTP][0m [90m[39m
[38;5;0m[HTTP][0m [37m--&gt;[39m [37mGET[39m [37m/wd/hub/status[39m
[38;5;0m[HTTP][0m [90m{}[39m
[38;5;0m[HTTP][0m No route found for /wd/hub/status
[38;5;0m[HTTP][0m [37m&lt;-- GET /wd/hub/status [39m[33m404[39m [90m1 ms - 211[39m
[38;5;0m[HTTP][0m [90m[39m
[38;5;0m[HTTP][0m [37m--&gt;[39m [37mGET[39m [37m/wd/hub/status[39m
[38;5;0m[HTTP][0m [90m{}[39m
[38;5;0m[HTTP][0m No route found for /wd/hub/status
[38;5;0m[HTTP][0m [37m&lt;-- GET /wd/hub/status [39m[33m404[39m [90m1 ms - 211[39m
[38;5;0m[HTTP][0m [90m[39m
[38;5;0m[HTTP][0m [37m--&gt;[39m [37mGET[39m [37m/wd/hub/status[39m
[38;5;0m[HTTP][0m [90m{}[39m
[38;5;0m[HTTP][0m No route found for /wd/hub/status
[38;5;0m[HTTP][0m [37m&lt;-- GET /wd/hub/status [39m[33m404[39m [90m1 ms - 211[39m
[38;5;0m[HTTP][0m [90m[39m
[38;5;0m[HTTP][0m [37m--&gt;[39m [37mGET[39m [37m/wd/hub/status[39m
[38;5;0m[HTTP][0m [90m{}[39m
[38;5;0m[HTTP][0m No route found for /wd/hub/status
[38;5;0m[HTTP][0m [37m&lt;-- GET /wd/hub/status [39m[33m404[39m [90m1 ms - 211[39m
[38;5;0m[HTTP][0m [90m[39m
[38;5;0m[HTTP][0m [37m--&gt;[39m [37mGET[39m [37m/wd/hub/status[39m
[38;5;0m[HTTP][0m [90m{}[39m
[38;5;0m[HTTP][0m No route found for /wd/hub/status
[38;5;0m[HTTP][0m [37m&lt;-- GET /wd/hub/status [39m[33m404[39m [90m1 ms - 211[39m
[38;5;0m[HTTP][0m [90m[39m
[38;5;0m[HTTP][0m [37m--&gt;[39m [37mGET[39m [37m/wd/hub/status[39m
[38;5;0m[HTTP][0m [90m{}[39m
[38;5;0m[HTTP][0m No route found for /wd/hub/status
[38;5;0m[HTTP][0m [37m&lt;-- GET /wd/hub/status [39m[33m404[39m [90m1 ms - 211[39m
[38;5;0m[HTTP][0m [90m[39m
[38;5;0m[HTTP][0m [37m--&gt;[39m [37mGET[39m [37m/wd/hub/status[39m
[38;5;0m[HTTP][0m [90m{}[39m
[38;5;0m[HTTP][0m No route found for /wd/hub/status
[38;5;0m[HTTP][0m [37m&lt;-- GET /wd/hub/status [39m[33m404[39m [90m1 ms - 211[39m
[38;5;0m[HTTP][0m [90m[39m
[38;5;0m[HTTP][0m [37m--&gt;[39m [37mGET[39m [37m/wd/hub/status[39m
[38;5;0m[HTTP][0m [90m{}[39m
[38;5;0m[HTTP][0m No route found for /wd/hub/status
[38;5;0m[HTTP][0m [37m&lt;-- GET /wd/hub/status [39m[33m404[39m [90m1 ms - 211[39m
[38;5;0m[HTTP][0m [90m[39m
[38;5;0m[HTTP][0m [37m--&gt;[39m [37mGET[39m [37m/wd/hub/status[39m
[38;5;0m[HTTP][0m [90m{}[39m
[38;5;0m[HTTP][0m No route found for /wd/hub/status
[38;5;0m[HTTP][0m [37m&lt;-- GET /wd/hub/status [39m[33m404[39m [90m3 ms - 211[39m
[38;5;0m[HTTP][0m [90m[39m
[38;5;0m[HTTP][0m [37m--&gt;[39m [37mGET[39m [37m/wd/hub/status[39m
[38;5;0m[HTTP][0m [90m{}[39m
[38;5;0m[HTTP][0m No route found for /wd/hub/status
[38;5;0m[HTTP][0m [37m&lt;-- GET /wd/hub/status [39m[33m404[39m [90m2 ms - 211[39m
[38;5;0m[HTTP][0m [90m[39m
[38;5;0m[HTTP][0m [37m--&gt;[39m [37mGET[39m [37m/wd/hub/status[39m
[38;5;0m[HTTP][0m [90m{}[39m
[38;5;0m[HTTP][0m No route found for /wd/hub/status
[38;5;0m[HTTP][0m [37m&lt;-- GET /wd/hub/status [39m[33m404[39m [90m1 ms - 211[39m
[38;5;0m[HTTP][0m [90m[39m
[38;5;0m[HTTP][0m [37m--&gt;[39m [37mGET[39m [37m/wd/hub/status[39m
[38;5;0m[HTTP][0m [90m{}[39m
[38;5;0m[HTTP][0m No route found for /wd/hub/status
[38;5;0m[HTTP][0m [37m&lt;-- GET /wd/hub/status [39m[33m404[39m [90m1 ms - 211[39m
[38;5;0m[HTTP][0m [90m[39m
[38;5;0m[HTTP][0m [37m--&gt;[39m [37mGET[39m [37m/wd/hub/status[39m
[38;5;0m[HTTP][0m [90m{}[39m
[38;5;0m[HTTP][0m No route found for /wd/hub/status
[38;5;0m[HTTP][0m [37m&lt;-- GET /wd/hub/status [39m[33m404[39m [90m1 ms - 211[39m
[38;5;0m[HTTP][0m [90m[39m
[38;5;0m[HTTP][0m [37m--&gt;[39m [37mGET[39m [37m/wd/hub/status[39m
[38;5;0m[HTTP][0m [90m{}[39m
[38;5;0m[HTTP][0m No route found for /wd/hub/status
[38;5;0m[HTTP][0m [37m&lt;-- GET /wd/hub/status [39m[33m404[39m [90m1 ms - 211[39m
[38;5;0m[HTTP][0m [90m[39m
[38;5;0m[HTTP][0m [37m--&gt;[39m [37mGET[39m [37m/wd/hub/status[39m
[38;5;0m[HTTP][0m [90m{}[39m
[38;5;0m[HTTP][0m No route found for /wd/hub/status
[38;5;0m[HTTP][0m [37m&lt;-- GET /wd/hub/status [39m[33m404[39m [90m1 ms - 211[39m
[38;5;0m[HTTP][0m [90m[39m
[38;5;0m[HTTP][0m [37m--&gt;[39m [37mGET[39m [37m/wd/hub/status[39m
[38;5;0m[HTTP][0m [90m{}[39m
[38;5;0m[HTTP][0m No route found for /wd/hub/status
[38;5;0m[HTTP][0m [37m&lt;-- GET /wd/hub/status [39m[33m404[39m [90m1 ms - 211[39m
[38;5;0m[HTTP][0m [90m[39m
[38;5;0m[HTTP][0m [37m--&gt;[39m [37mGET[39m [37m/wd/hub/status[39m
[38;5;0m[HTTP][0m [90m{}[39m
[38;5;0m[HTTP][0m No route found for /wd/hub/status
[38;5;0m[HTTP][0m [37m&lt;-- GET /wd/hub/status [39m[33m404[39m [90m1 ms - 211[39m
[38;5;0m[HTTP][0m [90m[39m
[38;5;0m[HTTP][0m [37m--&gt;[39m [37mGET[39m [37m/wd/hub/status[39m
[38;5;0m[HTTP][0m [90m{}[39m
[38;5;0m[HTTP][0m No route found for /wd/hub/status
[38;5;0m[HTTP][0m [37m&lt;-- GET /wd/hub/status [39m[33m404[39m [90m1 ms - 211[39m
[38;5;0m[HTTP][0m [90m[39m
[38;5;0m[HTTP][0m [37m--&gt;[39m [37mGET[39m [37m/wd/hub/status[39m
[38;5;0m[HTTP][0m [90m{}[39m
[38;5;0m[HTTP][0m No route found for /wd/hub/status
[38;5;0m[HTTP][0m [37m&lt;-- GET /wd/hub/status [39m[33m404[39m [90m3 ms - 211[39m
[38;5;0m[HTTP][0m [90m[39m
[38;5;0m[HTTP][0m [37m--&gt;[39m [37mGET[39m [37m/wd/hub/status[39m
[38;5;0m[HTTP][0m [90m{}[39m
[38;5;0m[HTTP][0m No route found for /wd/hub/status
[38;5;0m[HTTP][0m [37m&lt;-- GET /wd/hub/status [39m[33m404[39m [90m1 ms - 211[39m
[38;5;0m[HTTP][0m [90m[39m
[38;5;0m[HTTP][0m [37m--&gt;[39m [37mGET[39m [37m/wd/hub/status[39m
[38;5;0m[HTTP][0m [90m{}[39m
[38;5;0m[HTTP][0m No route found for /wd/hub/status
[38;5;0m[HTTP][0m [37m&lt;-- GET /wd/hub/status [39m[33m404[39m [90m1 ms - 211[39m
[38;5;0m[HTTP][0m [90m[39m
[38;5;0m[HTTP][0m [37m--&gt;[39m [37mGET[39m [37m/wd/hub/status[39m
[38;5;0m[HTTP][0m [90m{}[39m
[38;5;0m[HTTP][0m No route found for /wd/hub/status
[38;5;0m[HTTP][0m [37m&lt;-- GET /wd/hub/status [39m[33m404[39m [90m1 ms - 211[39m
[38;5;0m[HTTP][0m [90m[39m
[38;5;0m[HTTP][0m [37m--&gt;[39m [37mGET[39m [37m/wd/hub/status[39m
[38;5;0m[HTTP][0m [90m{}[39m
[38;5;0m[HTTP][0m No route found for /wd/hub/status
[38;5;0m[HTTP][0m [37m&lt;-- GET /wd/hub/status [39m[33m404[39m [90m1 ms - 211[39m
[38;5;0m[HTTP][0m [90m[39m
[38;5;0m[HTTP][0m [37m--&gt;[39m [37mGET[39m [37m/wd/hub/status[39m
[38;5;0m[HTTP][0m [90m{}[39m
[38;5;0m[HTTP][0m No route found for /wd/hub/status
[38;5;0m[HTTP][0m [37m&lt;-- GET /wd/hub/status [39m[33m404[39m [90m1 ms - 211[39m
[38;5;0m[HTTP][0m [90m[39m
[38;5;0m[HTTP][0m [37m--&gt;[39m [37mGET[39m [37m/wd/hub/status[39m
[38;5;0m[HTTP][0m [90m{}[39m
[38;5;0m[HTTP][0m No route found for /wd/hub/status
[38;5;0m[HTTP][0m [37m&lt;-- GET /wd/hub/status [39m[33m404[39m [90m1 ms - 211[39m
[38;5;0m[HTTP][0m [90m[39m
[38;5;0m[HTTP][0m [37m--&gt;[39m [37mGET[39m [37m/wd/hub/status[39m
[38;5;0m[HTTP][0m [90m{}[39m
[38;5;0m[HTTP][0m No route found for /wd/hub/status
[38;5;0m[HTTP][0m [37m&lt;-- GET /wd/hub/status [39m[33m404[39m [90m1 ms - 211[39m
[38;5;0m[HTTP][0m [90m[39m
[38;5;0m[HTTP][0m [37m--&gt;[39m [37mGET[39m [37m/wd/hub/status[39m
[38;5;0m[HTTP][0m [90m{}[39m
[38;5;0m[HTTP][0m No route found for /wd/hub/status
[38;5;0m[HTTP][0m [37m&lt;-- GET /wd/hub/status [39m[33m404[39m [90m1 ms - 211[39m
[38;5;0m[HTTP][0m [90m[39m
[38;5;0m[HTTP][0m [37m--&gt;[39m [37mGET[39m [37m/wd/hub/status[39m
[38;5;0m[HTTP][0m [90m{}[39m
[38;5;0m[HTTP][0m No route found for /wd/hub/status
[38;5;0m[HTTP][0m [37m&lt;-- GET /wd/hub/status [39m[33m404[39m [90m1 ms - 211[39m
[38;5;0m[HTTP][0m [90m[39m
[38;5;0m[HTTP][0m [37m--&gt;[39m [37mGET[39m [37m/wd/hub/status[39m
[38;5;0m[HTTP][0m [90m{}[39m
[38;5;0m[HTTP][0m No route found for /wd/hub/status
[38;5;0m[HTTP][0m [37m&lt;-- GET /wd/hub/status [39m[33m404[39m [90m1 ms - 211[39m
[38;5;0m[HTTP][0m [90m[39m
[38;5;0m[HTTP][0m [37m--&gt;[39m [37mGET[39m [37m/wd/hub/status[39m
[38;5;0m[HTTP][0m [90m{}[39m
[38;5;0m[HTTP][0m No route found for /wd/hub/status
[38;5;0m[HTTP][0m [37m&lt;-- GET /wd/hub/status [39m[33m404[39m [90m1 ms - 211[39m
[38;5;0m[HTTP][0m [90m[39m
[38;5;0m[HTTP][0m [37m--&gt;[39m [37mGET[39m [37m/wd/hub/status[39m
[38;5;0m[HTTP][0m [90m{}[39m
[38;5;0m[HTTP][0m No route found for /wd/hub/status
[38;5;0m[HTTP][0m [37m&lt;-- GET /wd/hub/status [39m[33m404[39m [90m1 ms - 211[39m
[38;5;0m[HTTP][0m [90m[39m
[38;5;0m[HTTP][0m [37m--&gt;[39m [37mGET[39m [37m/wd/hub/status[39m
[38;5;0m[HTTP][0m [90m{}[39m
[38;5;0m[HTTP][0m No route found for /wd/hub/status
[38;5;0m[HTTP][0m [37m&lt;-- GET /wd/hub/status [39m[33m404[39m [90m1 ms - 211[39m
[38;5;0m[HTTP][0m [90m[39m
[38;5;0m[HTTP][0m [37m--&gt;[39m [37mGET[39m [37m/wd/hub/status[39m
[38;5;0m[HTTP][0m [90m{}[39m
[38;5;0m[HTTP][0m No route found for /wd/hub/status
[38;5;0m[HTTP][0m [37m&lt;-- GET /wd/hub/status [39m[33m404[39m [90m1 ms - 211[39m
[38;5;0m[HTTP][0m [90m[39m
[38;5;0m[HTTP][0m [37m--&gt;[39m [37mGET[39m [37m/wd/hub/status[39m
[38;5;0m[HTTP][0m [90m{}[39m
[38;5;0m[HTTP][0m No route found for /wd/hub/status
[38;5;0m[HTTP][0m [37m&lt;-- GET /wd/hub/status [39m[33m404[39m [90m1 ms - 211[39m
[38;5;0m[HTTP][0m [90m[39m
[38;5;0m[HTTP][0m [37m--&gt;[39m [37mGET[39m [37m/wd/hub/status[39m
[38;5;0m[HTTP][0m [90m{}[39m
[38;5;0m[HTTP][0m No route found for /wd/hub/status
[38;5;0m[HTTP][0m [37m&lt;-- GET /wd/hub/status [39m[33m404[39m [90m1 ms - 211[39m
[38;5;0m[HTTP][0m [90m[39m
[38;5;0m[HTTP][0m [37m--&gt;[39m [37mGET[39m [37m/wd/hub/status[39m
[38;5;0m[HTTP][0m [90m{}[39m
[38;5;0m[HTTP][0m No route found for /wd/hub/status
[38;5;0m[HTTP][0m [37m&lt;-- GET /wd/hub/status [39m[33m404[39m [90m1 ms - 211[39m
[38;5;0m[HTTP][0m [90m[39m
[38;5;0m[HTTP][0m [37m--&gt;[39m [37mGET[39m [37m/wd/hub/status[39m
[38;5;0m[HTTP][0m [90m{}[39m
[38;5;0m[HTTP][0m No route found for /wd/hub/status
[38;5;0m[HTTP][0m [37m&lt;-- GET /wd/hub/status [39m[33m404[39m [90m1 ms - 211[39m
[38;5;0m[HTTP][0m [90m[39m
[38;5;0m[HTTP][0m [37m--&gt;[39m [37mGET[39m [37m/wd/hub/status[39m
[38;5;0m[HTTP][0m [90m{}[39m
[38;5;0m[HTTP][0m No route found for /wd/hub/status
[38;5;0m[HTTP][0m [37m&lt;-- GET /wd/hub/status [39m[33m404[39m [90m1 ms - 211[39m
[38;5;0m[HTTP][0m [90m[39m
[38;5;0m[HTTP][0m [37m--&gt;[39m [37mGET[39m [37m/wd/hub/status[39m
[38;5;0m[HTTP][0m [90m{}[39m
[38;5;0m[HTTP][0m No route found for /wd/hub/status
[38;5;0m[HTTP][0m [37m&lt;-- GET /wd/hub/status [39m[33m404[39m [90m1 ms - 211[39m
[38;5;0m[HTTP][0m [90m[39m
[38;5;0m[HTTP][0m [37m--&gt;[39m [37mGET[39m [37m/wd/hub/status[39m
[38;5;0m[HTTP][0m [90m{}[39m
[38;5;0m[HTTP][0m No route found for /wd/hub/status
[38;5;0m[HTTP][0m [37m&lt;-- GET /wd/hub/status [39m[33m404[39m [90m1 ms - 211[39m
[38;5;0m[HTTP][0m [90m[39m
[38;5;0m[HTTP][0m [37m--&gt;[39m [37mGET[39m [37m/wd/hub/status[39m
[38;5;0m[HTTP][0m [90m{}[39m
[38;5;0m[HTTP][0m No route found for /wd/hub/status
[38;5;0m[HTTP][0m [37m&lt;-- GET /wd/hub/status [39m[33m404[39m [90m1 ms - 211[39m
[38;5;0m[HTTP][0m [90m[39m
[38;5;0m[HTTP][0m [37m--&gt;[39m [37mGET[39m [37m/wd/hub/status[39m
[38;5;0m[HTTP][0m [90m{}[39m
[38;5;0m[HTTP][0m No route found for /wd/hub/status
[38;5;0m[HTTP][0m [37m&lt;-- GET /wd/hub/status [39m[33m404[39m [90m1 ms - 211[39m
[38;5;0m[HTTP][0m [90m[39m
[38;5;0m[HTTP][0m [37m--&gt;[39m [37mGET[39m [37m/wd/hub/status[39m
[38;5;0m[HTTP][0m [90m{}[39m
[38;5;0m[HTTP][0m No route found for /wd/hub/status
[38;5;0m[HTTP][0m [37m&lt;-- GET /wd/hub/status [39m[33m404[39m [90m1 ms - 211[39m
[38;5;0m[HTTP][0m [90m[39m
[38;5;0m[HTTP][0m [37m--&gt;[39m [37mGET[39m [37m/wd/hub/status[39m
[38;5;0m[HTTP][0m [90m{}[39m
[38;5;0m[HTTP][0m No route found for /wd/hub/status
[38;5;0m[HTTP][0m [37m&lt;-- GET /wd/hub/status [39m[33m404[39m [90m1 ms - 211[39m
[38;5;0m[HTTP][0m [90m[39m
[38;5;0m[HTTP][0m [37m--&gt;[39m [37mGET[39m [37m/wd/hub/status[39m
[38;5;0m[HTTP][0m [90m{}[39m
[38;5;0m[HTTP][0m No route found for /wd/hub/status
[38;5;0m[HTTP][0m [37m&lt;-- GET /wd/hub/status [39m[33m404[39m [90m1 ms - 211[39m
[38;5;0m[HTTP][0m [90m[39m
[38;5;0m[HTTP][0m [37m--&gt;[39m [37mGET[39m [37m/wd/hub/status[39m
[38;5;0m[HTTP][0m [90m{}[39m
[38;5;0m[HTTP][0m No route found for /wd/hub/status
[38;5;0m[HTTP][0m [37m&lt;-- GET /wd/hub/status [39m[33m404[39m [90m1 ms - 211[39m
[38;5;0m[HTTP][0m [90m[39m
[38;5;0m[HTTP][0m [37m--&gt;[39m [37mGET[39m [37m/wd/hub/status[39m
[38;5;0m[HTTP][0m [90m{}[39m
[38;5;0m[HTTP][0m No route found for /wd/hub/status
[38;5;0m[HTTP][0m [37m&lt;-- GET /wd/hub/status [39m[33m404[39m [90m1 ms - 211[39m
[38;5;0m[HTTP][0m [90m[39m
[38;5;0m[HTTP][0m [37m--&gt;[39m [37mGET[39m [37m/wd/hub/status[39m
[38;5;0m[HTTP][0m [90m{}[39m
[38;5;0m[HTTP][0m No route found for /wd/hub/status
[38;5;0m[HTTP][0m [37m&lt;-- GET /wd/hub/status [39m[33m404[39m [90m1 ms - 211[39m
[38;5;0m[HTTP][0m [90m[39m
[38;5;0m[HTTP][0m [37m--&gt;[39m [37mGET[39m [37m/wd/hub/status[39m
[38;5;0m[HTTP][0m [90m{}[39m
[38;5;0m[HTTP][0m No route found for /wd/hub/status
[38;5;0m[HTTP][0m [37m&lt;-- GET /wd/hub/status [39m[33m404[39m [90m1 ms - 211[39m
[38;5;0m[HTTP][0m [90m[39m
[38;5;0m[HTTP][0m [37m--&gt;[39m [37mGET[39m [37m/wd/hub/status[39m
[38;5;0m[HTTP][0m [90m{}[39m
[38;5;0m[HTTP][0m No route found for /wd/hub/status
[38;5;0m[HTTP][0m [37m&lt;-- GET /wd/hub/status [39m[33m404[39m [90m1 ms - 211[39m
[38;5;0m[HTTP][0m [90m[39m
[38;5;0m[HTTP][0m [37m--&gt;[39m [37mGET[39m [37m/wd/hub/status[39m
[38;5;0m[HTTP][0m [90m{}[39m
[38;5;0m[HTTP][0m No route found for /wd/hub/status
[38;5;0m[HTTP][0m [37m&lt;-- GET /wd/hub/status [39m[33m404[39m [90m1 ms - 211[39m
[38;5;0m[HTTP][0m [90m[39m
[38;5;0m[HTTP][0m [37m--&gt;[39m [37mGET[39m [37m/wd/hub/status[39m
[38;5;0m[HTTP][0m [90m{}[39m
[38;5;0m[HTTP][0m No route found for /wd/hub/status
[38;5;0m[HTTP][0m [37m&lt;-- GET /wd/hub/status [39m[33m404[39m [90m1 ms - 211[39m
[38;5;0m[HTTP][0m [90m[39m
[38;5;0m[HTTP][0m [37m--&gt;[39m [37mGET[39m [37m/wd/hub/status[39m
[38;5;0m[HTTP][0m [90m{}[39m
[38;5;0m[HTTP][0m No route found for /wd/hub/status
[38;5;0m[HTTP][0m [37m&lt;-- GET /wd/hub/status [39m[33m404[39m [90m1 ms - 211[39m
[38;5;0m[HTTP][0m [90m[39m
[38;5;0m[HTTP][0m [37m--&gt;[39m [37mGET[39m [37m/wd/hub/status[39m
[38;5;0m[HTTP][0m [90m{}[39m
[38;5;0m[HTTP][0m No route found for /wd/hub/status
[38;5;0m[HTTP][0m [37m&lt;-- GET /wd/hub/status [39m[33m404[39m [90m1 ms - 211[39m
[38;5;0m[HTTP][0m [90m[39m
[38;5;0m[HTTP][0m [37m--&gt;[39m [37mGET[39m [37m/wd/hub/status[39m
[38;5;0m[HTTP][0m [90m{}[39m
[38;5;0m[HTTP][0m No route found for /wd/hub/status
[38;5;0m[HTTP][0m [37m&lt;-- GET /wd/hub/status [39m[33m404[39m [90m1 ms - 211[39m
[38;5;0m[HTTP][0m [90m[39m
[38;5;0m[HTTP][0m [37m--&gt;[39m [37mGET[39m [37m/wd/hub/status[39m
[38;5;0m[HTTP][0m [90m{}[39m
[38;5;0m[HTTP][0m No route found for /wd/hub/status
[38;5;0m[HTTP][0m [37m&lt;-- GET /wd/hub/status [39m[33m404[39m [90m1 ms - 211[39m
[38;5;0m[HTTP][0m [90m[39m
[38;5;0m[HTTP][0m [37m--&gt;[39m [37mGET[39m [37m/wd/hub/status[39m
[38;5;0m[HTTP][0m [90m{}[39m
[38;5;0m[HTTP][0m No route found for /wd/hub/status
[38;5;0m[HTTP][0m [37m&lt;-- GET /wd/hub/status [39m[33m404[39m [90m1 ms - 211[39m
[38;5;0m[HTTP][0m [90m[39m
[38;5;0m[HTTP][0m [37m--&gt;[39m [37mGET[39m [37m/wd/hub/status[39m
[38;5;0m[HTTP][0m [90m{}[39m
[38;5;0m[HTTP][0m No route found for /wd/hub/status
[38;5;0m[HTTP][0m [37m&lt;-- GET /wd/hub/status [39m[33m404[39m [90m1 ms - 211[39m
[38;5;0m[HTTP][0m [90m[39m
[38;5;0m[HTTP][0m [37m--&gt;[39m [37mGET[39m [37m/wd/hub/status[39m
[38;5;0m[HTTP][0m [90m{}[39m
[38;5;0m[HTTP][0m No route found for /wd/hub/status
[38;5;0m[HTTP][0m [37m&lt;-- GET /wd/hub/status [39m[33m404[39m [90m1 ms - 211[39m
[38;5;0m[HTTP][0m [90m[39m
[38;5;0m[HTTP][0m [37m--&gt;[39m [37mGET[39m [37m/wd/hub/status[39m
[38;5;0m[HTTP][0m [90m{}[39m
[38;5;0m[HTTP][0m No route found for /wd/hub/status
[38;5;0m[HTTP][0m [37m&lt;-- GET /wd/hub/status [39m[33m404[39m [90m1 ms - 211[39m
[38;5;0m[HTTP][0m [90m[39m
[38;5;0m[HTTP][0m [37m--&gt;[39m [37mGET[39m [37m/wd/hub/status[39m
[38;5;0m[HTTP][0m [90m{}[39m
[38;5;0m[HTTP][0m No route found for /wd/hub/status
[38;5;0m[HTTP][0m [37m&lt;-- GET /wd/hub/status [39m[33m404[39m [90m1 ms - 211[39m
[38;5;0m[HTTP][0m [90m[39m
[38;5;0m[HTTP][0m [37m--&gt;[39m [37mGET[39m [37m/wd/hub/status[39m
[38;5;0m[HTTP][0m [90m{}[39m
[38;5;0m[HTTP][0m No route found for /wd/hub/status
[38;5;0m[HTTP][0m [37m&lt;-- GET /wd/hub/status [39m[33m404[39m [90m1 ms - 211[39m
[38;5;0m[HTTP][0m [90m[39m
[38;5;0m[HTTP][0m [37m--&gt;[39m [37mGET[39m [37m/wd/hub/status[39m
[38;5;0m[HTTP][0m [90m{}[39m
[38;5;0m[HTTP][0m No route found for /wd/hub/status
[38;5;0m[HTTP][0m [37m&lt;-- GET /wd/hub/status [39m[33m404[39m [90m2 ms - 211[39m
[38;5;0m[HTTP][0m [90m[39m
[38;5;0m[HTTP][0m [37m--&gt;[39m [37mGET[39m [37m/wd/hub/status[39m
[38;5;0m[HTTP][0m [90m{}[39m
[38;5;0m[HTTP][0m No route found for /wd/hub/status
[38;5;0m[HTTP][0m [37m&lt;-- GET /wd/hub/status [39m[33m404[39m [90m1 ms - 211[39m
[38;5;0m[HTTP][0m [90m[39m
[38;5;0m[HTTP][0m [37m--&gt;[39m [37mGET[39m [37m/wd/hub/status[39m
[38;5;0m[HTTP][0m [90m{}[39m
[38;5;0m[HTTP][0m No route found for /wd/hub/status
[38;5;0m[HTTP][0m [37m&lt;-- GET /wd/hub/status [39m[33m404[39m [90m1 ms - 211[39m
[38;5;0m[HTTP][0m [90m[39m
[38;5;0m[HTTP][0m [37m--&gt;[39m [37mGET[39m [37m/wd/hub/status[39m
[38;5;0m[HTTP][0m [90m{}[39m
[38;5;0m[HTTP][0m No route found for /wd/hub/status
[38;5;0m[HTTP][0m [37m&lt;-- GET /wd/hub/status [39m[33m404[39m [90m1 ms - 211[39m
[38;5;0m[HTTP][0m [90m[39m
[38;5;0m[HTTP][0m [37m--&gt;[39m [37mGET[39m [37m/wd/hub/status[39m
[38;5;0m[HTTP][0m [90m{}[39m
[38;5;0m[HTTP][0m No route found for /wd/hub/status
[38;5;0m[HTTP][0m [37m&lt;-- GET /wd/hub/status [39m[33m404[39m [90m1 ms - 211[39m
[38;5;0m[HTTP][0m [90m[39m
[38;5;0m[HTTP][0m [37m--&gt;[39m [37mGET[39m [37m/wd/hub/status[39m
[38;5;0m[HTTP][0m [90m{}[39m
[38;5;0m[HTTP][0m No route found for /wd/hub/status
[38;5;0m[HTTP][0m [37m&lt;-- GET /wd/hub/status [39m[33m404[39m [90m1 ms - 211[39m
[38;5;0m[HTTP][0m [90m[39m
[38;5;0m[HTTP][0m [37m--&gt;[39m [37mGET[39m [37m/wd/hub/status[39m
[38;5;0m[HTTP][0m [90m{}[39m
[38;5;0m[HTTP][0m No route found for /wd/hub/status
[38;5;0m[HTTP][0m [37m&lt;-- GET /wd/hub/status [39m[33m404[39m [90m0 ms - 211[39m
[38;5;0m[HTTP][0m [90m[39m
[38;5;0m[HTTP][0m [37m--&gt;[39m [37mGET[39m [37m/wd/hub/status[39m
[38;5;0m[HTTP][0m [90m{}[39m
[38;5;0m[HTTP][0m No route found for /wd/hub/status
[38;5;0m[HTTP][0m [37m&lt;-- GET /wd/hub/status [39m[33m404[39m [90m1 ms - 211[39m
[38;5;0m[HTTP][0m [90m[39m
[38;5;0m[HTTP][0m [37m--&gt;[39m [37mGET[39m [37m/wd/hub/status[39m
[38;5;0m[HTTP][0m [90m{}[39m
[38;5;0m[HTTP][0m No route found for /wd/hub/status
[38;5;0m[HTTP][0m [37m&lt;-- GET /wd/hub/status [39m[33m404[39m [90m1 ms - 211[39m
[38;5;0m[HTTP][0m [90m[39m
[38;5;0m[HTTP][0m [37m--&gt;[39m [37mGET[39m [37m/wd/hub/status[39m
[38;5;0m[HTTP][0m [90m{}[39m
[38;5;0m[HTTP][0m No route found for /wd/hub/status
[38;5;0m[HTTP][0m [37m&lt;-- GET /wd/hub/status [39m[33m404[39m [90m1 ms - 211[39m
[38;5;0m[HTTP][0m [90m[39m
[38;5;0m[HTTP][0m [37m--&gt;[39m [37mGET[39m [37m/wd/hub/status[39m
[38;5;0m[HTTP][0m [90m{}[39m
[38;5;0m[HTTP][0m No route found for /wd/hub/status
[38;5;0m[HTTP][0m [37m&lt;-- GET /wd/hub/status [39m[33m404[39m [90m1 ms - 211[39m
[38;5;0m[HTTP][0m [90m[39m
[38;5;0m[HTTP][0m [37m--&gt;[39m [37mGET[39m [37m/wd/hub/status[39m
[38;5;0m[HTTP][0m [90m{}[39m
[38;5;0m[HTTP][0m No route found for /wd/hub/status
[38;5;0m[HTTP][0m [37m&lt;-- GET /wd/hub/status [39m[33m404[39m [90m1 ms - 211[39m
[38;5;0m[HTTP][0m [90m[39m
[38;5;0m[HTTP][0m [37m--&gt;[39m [37mGET[39m [37m/wd/hub/status[39m
[38;5;0m[HTTP][0m [90m{}[39m
[38;5;0m[HTTP][0m No route found for /wd/hub/status
[38;5;0m[HTTP][0m [37m&lt;-- GET /wd/hub/status [39m[33m404[39m [90m1 ms - 211[39m
[38;5;0m[HTTP][0m [90m[39m
[38;5;0m[HTTP][0m [37m--&gt;[39m [37mGET[39m [37m/wd/hub/status[39m
[38;5;0m[HTTP][0m [90m{}[39m
[38;5;0m[HTTP][0m No route found for /wd/hub/status
[38;5;0m[HTTP][0m [37m&lt;-- GET /wd/hub/status [39m[33m404[39m [90m1 ms - 211[39m
[38;5;0m[HTTP][0m [90m[39m
[38;5;0m[HTTP][0m [37m--&gt;[39m [37mGET[39m [37m/wd/hub/status[39m
[38;5;0m[HTTP][0m [90m{}[39m
[38;5;0m[HTTP][0m No route found for /wd/hub/status
[38;5;0m[HTTP][0m [37m&lt;-- GET /wd/hub/status [39m[33m404[39m [90m1 ms - 211[39m
[38;5;0m[HTTP][0m [90m[39m
[38;5;0m[HTTP][0m [37m--&gt;[39m [37mGET[39m [37m/wd/hub/status[39m
[38;5;0m[HTTP][0m [90m{}[39m
[38;5;0m[HTTP][0m No route found for /wd/hub/status
[38;5;0m[HTTP][0m [37m&lt;-- GET /wd/hub/status [39m[33m404[39m [90m1 ms - 211[39m
[38;5;0m[HTTP][0m [90m[39m
[38;5;0m[HTTP][0m [37m--&gt;[39m [37mGET[39m [37m/wd/hub/status[39m
[38;5;0m[HTTP][0m [90m{}[39m
[38;5;0m[HTTP][0m No route found for /wd/hub/status
[38;5;0m[HTTP][0m [37m&lt;-- GET /wd/hub/status [39m[33m404[39m [90m1 ms - 211[39m
[38;5;0m[HTTP][0m [90m[39m
[38;5;0m[HTTP][0m [37m--&gt;[39m [37mGET[39m [37m/wd/hub/status[39m
[38;5;0m[HTTP][0m [90m{}[39m
[38;5;0m[HTTP][0m No route found for /wd/hub/status
[38;5;0m[HTTP][0m [37m&lt;-- GET /wd/hub/status [39m[33m404[39m [90m1 ms - 211[39m
[38;5;0m[HTTP][0m [90m[39m

">
      <![CDATA[io.appium.java_client.service.local.AppiumServerHasNotBeenStartedLocallyException: The local appium server has not been started. The given Node.js executable: C:\Program Files\nodejs\node.exe Arguments: [C:\Users\abhin\AppData\Roaming\npm\node_modules\appium\build\lib\main.js, --port, 4723, --address, 0.0.0.0] 
Process output: P][0m [37m<-- GET /wd/hub/status [39m[33m404[39m [90m1 ms - 211[39m
[38;5;0m[HTTP][0m [90m[39m
[38;5;0m[HTTP][0m [37m-->[39m [37mGET[39m [37m/wd/hub/status[39m
[38;5;0m[HTTP][0m [90m{}[39m
[38;5;0m[HTTP][0m No route found for /wd/hub/status
[38;5;0m[HTTP][0m [37m<-- GET /wd/hub/status [39m[33m404[39m [90m1 ms - 211[39m
[38;5;0m[HTTP][0m [90m[39m
[38;5;0m[HTTP][0m [37m-->[39m [37mGET[39m [37m/wd/hub/status[39m
[38;5;0m[HTTP][0m [90m{}[39m
[38;5;0m[HTTP][0m No route found for /wd/hub/status
[38;5;0m[HTTP][0m [37m<-- GET /wd/hub/status [39m[33m404[39m [90m1 ms - 211[39m
[38;5;0m[HTTP][0m [90m[39m
[38;5;0m[HTTP][0m [37m-->[39m [37mGET[39m [37m/wd/hub/status[39m
[38;5;0m[HTTP][0m [90m{}[39m
[38;5;0m[HTTP][0m No route found for /wd/hub/status
[38;5;0m[HTTP][0m [37m<-- GET /wd/hub/status [39m[33m404[39m [90m1 ms - 211[39m
[38;5;0m[HTTP][0m [90m[39m
[38;5;0m[HTTP][0m [37m-->[39m [37mGET[39m [37m/wd/hub/status[39m
[38;5;0m[HTTP][0m [90m{}[39m
[38;5;0m[HTTP][0m No route found for /wd/hub/status
[38;5;0m[HTTP][0m [37m<-- GET /wd/hub/status [39m[33m404[39m [90m1 ms - 211[39m
[38;5;0m[HTTP][0m [90m[39m
[38;5;0m[HTTP][0m [37m-->[39m [37mGET[39m [37m/wd/hub/status[39m
[38;5;0m[HTTP][0m [90m{}[39m
[38;5;0m[HTTP][0m No route found for /wd/hub/status
[38;5;0m[HTTP][0m [37m<-- GET /wd/hub/status [39m[33m404[39m [90m1 ms - 211[39m
[38;5;0m[HTTP][0m [90m[39m
[38;5;0m[HTTP][0m [37m-->[39m [37mGET[39m [37m/wd/hub/status[39m
[38;5;0m[HTTP][0m [90m{}[39m
[38;5;0m[HTTP][0m No route found for /wd/hub/status
[38;5;0m[HTTP][0m [37m<-- GET /wd/hub/status [39m[33m404[39m [90m1 ms - 211[39m
[38;5;0m[HTTP][0m [90m[39m
[38;5;0m[HTTP][0m [37m-->[39m [37mGET[39m [37m/wd/hub/status[39m
[38;5;0m[HTTP][0m [90m{}[39m
[38;5;0m[HTTP][0m No route found for /wd/hub/status
[38;5;0m[HTTP][0m [37m<-- GET /wd/hub/status [39m[33m404[39m [90m1 ms - 211[39m
[38;5;0m[HTTP][0m [90m[39m
[38;5;0m[HTTP][0m [37m-->[39m [37mGET[39m [37m/wd/hub/status[39m
[38;5;0m[HTTP][0m [90m{}[39m
[38;5;0m[HTTP][0m No route found for /wd/hub/status
[38;5;0m[HTTP][0m [37m<-- GET /wd/hub/status [39m[33m404[39m [90m1 ms - 211[39m
[38;5;0m[HTTP][0m [90m[39m
[38;5;0m[HTTP][0m [37m-->[39m [37mGET[39m [37m/wd/hub/status[39m
[38;5;0m[HTTP][0m [90m{}[39m
[38;5;0m[HTTP][0m No route found for /wd/hub/status
[38;5;0m[HTTP][0m [37m<-- GET /wd/hub/status [39m[33m404[39m [90m1 ms - 211[39m
[38;5;0m[HTTP][0m [90m[39m
[38;5;0m[HTTP][0m [37m-->[39m [37mGET[39m [37m/wd/hub/status[39m
[38;5;0m[HTTP][0m [90m{}[39m
[38;5;0m[HTTP][0m No route found for /wd/hub/status
[38;5;0m[HTTP][0m [37m<-- GET /wd/hub/status [39m[33m404[39m [90m1 ms - 211[39m
[38;5;0m[HTTP][0m [90m[39m
[38;5;0m[HTTP][0m [37m-->[39m [37mGET[39m [37m/wd/hub/status[39m
[38;5;0m[HTTP][0m [90m{}[39m
[38;5;0m[HTTP][0m No route found for /wd/hub/status
[38;5;0m[HTTP][0m [37m<-- GET /wd/hub/status [39m[33m404[39m [90m1 ms - 211[39m
[38;5;0m[HTTP][0m [90m[39m
[38;5;0m[HTTP][0m [37m-->[39m [37mGET[39m [37m/wd/hub/status[39m
[38;5;0m[HTTP][0m [90m{}[39m
[38;5;0m[HTTP][0m No route found for /wd/hub/status
[38;5;0m[HTTP][0m [37m<-- GET /wd/hub/status [39m[33m404[39m [90m1 ms - 211[39m
[38;5;0m[HTTP][0m [90m[39m
[38;5;0m[HTTP][0m [37m-->[39m [37mGET[39m [37m/wd/hub/status[39m
[38;5;0m[HTTP][0m [90m{}[39m
[38;5;0m[HTTP][0m No route found for /wd/hub/status
[38;5;0m[HTTP][0m [37m<-- GET /wd/hub/status [39m[33m404[39m [90m1 ms - 211[39m
[38;5;0m[HTTP][0m [90m[39m
[38;5;0m[HTTP][0m [37m-->[39m [37mGET[39m [37m/wd/hub/status[39m
[38;5;0m[HTTP][0m [90m{}[39m
[38;5;0m[HTTP][0m No route found for /wd/hub/status
[38;5;0m[HTTP][0m [37m<-- GET /wd/hub/status [39m[33m404[39m [90m1 ms - 211[39m
[38;5;0m[HTTP][0m [90m[39m
[38;5;0m[HTTP][0m [37m-->[39m [37mGET[39m [37m/wd/hub/status[39m
[38;5;0m[HTTP][0m [90m{}[39m
[38;5;0m[HTTP][0m No route found for /wd/hub/status
[38;5;0m[HTTP][0m [37m<-- GET /wd/hub/status [39m[33m404[39m [90m1 ms - 211[39m
[38;5;0m[HTTP][0m [90m[39m
[38;5;0m[HTTP][0m [37m-->[39m [37mGET[39m [37m/wd/hub/status[39m
[38;5;0m[HTTP][0m [90m{}[39m
[38;5;0m[HTTP][0m No route found for /wd/hub/status
[38;5;0m[HTTP][0m [37m<-- GET /wd/hub/status [39m[33m404[39m [90m1 ms - 211[39m
[38;5;0m[HTTP][0m [90m[39m
[38;5;0m[HTTP][0m [37m-->[39m [37mGET[39m [37m/wd/hub/status[39m
[38;5;0m[HTTP][0m [90m{}[39m
[38;5;0m[HTTP][0m No route found for /wd/hub/status
[38;5;0m[HTTP][0m [37m<-- GET /wd/hub/status [39m[33m404[39m [90m1 ms - 211[39m
[38;5;0m[HTTP][0m [90m[39m
[38;5;0m[HTTP][0m [37m-->[39m [37mGET[39m [37m/wd/hub/status[39m
[38;5;0m[HTTP][0m [90m{}[39m
[38;5;0m[HTTP][0m No route found for /wd/hub/status
[38;5;0m[HTTP][0m [37m<-- GET /wd/hub/status [39m[33m404[39m [90m1 ms - 211[39m
[38;5;0m[HTTP][0m [90m[39m
[38;5;0m[HTTP][0m [37m-->[39m [37mGET[39m [37m/wd/hub/status[39m
[38;5;0m[HTTP][0m [90m{}[39m
[38;5;0m[HTTP][0m No route found for /wd/hub/status
[38;5;0m[HTTP][0m [37m<-- GET /wd/hub/status [39m[33m404[39m [90m1 ms - 211[39m
[38;5;0m[HTTP][0m [90m[39m
[38;5;0m[HTTP][0m [37m-->[39m [37mGET[39m [37m/wd/hub/status[39m
[38;5;0m[HTTP][0m [90m{}[39m
[38;5;0m[HTTP][0m No route found for /wd/hub/status
[38;5;0m[HTTP][0m [37m<-- GET /wd/hub/status [39m[33m404[39m [90m1 ms - 211[39m
[38;5;0m[HTTP][0m [90m[39m
[38;5;0m[HTTP][0m [37m-->[39m [37mGET[39m [37m/wd/hub/status[39m
[38;5;0m[HTTP][0m [90m{}[39m
[38;5;0m[HTTP][0m No route found for /wd/hub/status
[38;5;0m[HTTP][0m [37m<-- GET /wd/hub/status [39m[33m404[39m [90m1 ms - 211[39m
[38;5;0m[HTTP][0m [90m[39m
[38;5;0m[HTTP][0m [37m-->[39m [37mGET[39m [37m/wd/hub/status[39m
[38;5;0m[HTTP][0m [90m{}[39m
[38;5;0m[HTTP][0m No route found for /wd/hub/status
[38;5;0m[HTTP][0m [37m<-- GET /wd/hub/status [39m[33m404[39m [90m1 ms - 211[39m
[38;5;0m[HTTP][0m [90m[39m
[38;5;0m[HTTP][0m [37m-->[39m [37mGET[39m [37m/wd/hub/status[39m
[38;5;0m[HTTP][0m [90m{}[39m
[38;5;0m[HTTP][0m No route found for /wd/hub/status
[38;5;0m[HTTP][0m [37m<-- GET /wd/hub/status [39m[33m404[39m [90m1 ms - 211[39m
[38;5;0m[HTTP][0m [90m[39m
[38;5;0m[HTTP][0m [37m-->[39m [37mGET[39m [37m/wd/hub/status[39m
[38;5;0m[HTTP][0m [90m{}[39m
[38;5;0m[HTTP][0m No route found for /wd/hub/status
[38;5;0m[HTTP][0m [37m<-- GET /wd/hub/status [39m[33m404[39m [90m1 ms - 211[39m
[38;5;0m[HTTP][0m [90m[39m
[38;5;0m[HTTP][0m [37m-->[39m [37mGET[39m [37m/wd/hub/status[39m
[38;5;0m[HTTP][0m [90m{}[39m
[38;5;0m[HTTP][0m No route found for /wd/hub/status
[38;5;0m[HTTP][0m [37m<-- GET /wd/hub/status [39m[33m404[39m [90m1 ms - 211[39m
[38;5;0m[HTTP][0m [90m[39m
[38;5;0m[HTTP][0m [37m-->[39m [37mGET[39m [37m/wd/hub/status[39m
[38;5;0m[HTTP][0m [90m{}[39m
[38;5;0m[HTTP][0m No route found for /wd/hub/status
[38;5;0m[HTTP][0m [37m<-- GET /wd/hub/status [39m[33m404[39m [90m1 ms - 211[39m
[38;5;0m[HTTP][0m [90m[39m
[38;5;0m[HTTP][0m [37m-->[39m [37mGET[39m [37m/wd/hub/status[39m
[38;5;0m[HTTP][0m [90m{}[39m
[38;5;0m[HTTP][0m No route found for /wd/hub/status
[38;5;0m[HTTP][0m [37m<-- GET /wd/hub/status [39m[33m404[39m [90m1 ms - 211[39m
[38;5;0m[HTTP][0m [90m[39m
[38;5;0m[HTTP][0m [37m-->[39m [37mGET[39m [37m/wd/hub/status[39m
[38;5;0m[HTTP][0m [90m{}[39m
[38;5;0m[HTTP][0m No route found for /wd/hub/status
[38;5;0m[HTTP][0m [37m<-- GET /wd/hub/status [39m[33m404[39m [90m1 ms - 211[39m
[38;5;0m[HTTP][0m [90m[39m
[38;5;0m[HTTP][0m [37m-->[39m [37mGET[39m [37m/wd/hub/status[39m
[38;5;0m[HTTP][0m [90m{}[39m
[38;5;0m[HTTP][0m No route found for /wd/hub/status
[38;5;0m[HTTP][0m [37m<-- GET /wd/hub/status [39m[33m404[39m [90m1 ms - 211[39m
[38;5;0m[HTTP][0m [90m[39m
[38;5;0m[HTTP][0m [37m-->[39m [37mGET[39m [37m/wd/hub/status[39m
[38;5;0m[HTTP][0m [90m{}[39m
[38;5;0m[HTTP][0m No route found for /wd/hub/status
[38;5;0m[HTTP][0m [37m<-- GET /wd/hub/status [39m[33m404[39m [90m1 ms - 211[39m
[38;5;0m[HTTP][0m [90m[39m
[38;5;0m[HTTP][0m [37m-->[39m [37mGET[39m [37m/wd/hub/status[39m
[38;5;0m[HTTP][0m [90m{}[39m
[38;5;0m[HTTP][0m No route found for /wd/hub/status
[38;5;0m[HTTP][0m [37m<-- GET /wd/hub/status [39m[33m404[39m [90m1 ms - 211[39m
[38;5;0m[HTTP][0m [90m[39m
[38;5;0m[HTTP][0m [37m-->[39m [37mGET[39m [37m/wd/hub/status[39m
[38;5;0m[HTTP][0m [90m{}[39m
[38;5;0m[HTTP][0m No route found for /wd/hub/status
[38;5;0m[HTTP][0m [37m<-- GET /wd/hub/status [39m[33m404[39m [90m1 ms - 211[39m
[38;5;0m[HTTP][0m [90m[39m
[38;5;0m[HTTP][0m [37m-->[39m [37mGET[39m [37m/wd/hub/status[39m
[38;5;0m[HTTP][0m [90m{}[39m
[38;5;0m[HTTP][0m No route found for /wd/hub/status
[38;5;0m[HTTP][0m [37m<-- GET /wd/hub/status [39m[33m404[39m [90m1 ms - 211[39m
[38;5;0m[HTTP][0m [90m[39m
[38;5;0m[HTTP][0m [37m-->[39m [37mGET[39m [37m/wd/hub/status[39m
[38;5;0m[HTTP][0m [90m{}[39m
[38;5;0m[HTTP][0m No route found for /wd/hub/status
[38;5;0m[HTTP][0m [37m<-- GET /wd/hub/status [39m[33m404[39m [90m1 ms - 211[39m
[38;5;0m[HTTP][0m [90m[39m
[38;5;0m[HTTP][0m [37m-->[39m [37mGET[39m [37m/wd/hub/status[39m
[38;5;0m[HTTP][0m [90m{}[39m
[38;5;0m[HTTP][0m No route found for /wd/hub/status
[38;5;0m[HTTP][0m [37m<-- GET /wd/hub/status [39m[33m404[39m [90m1 ms - 211[39m
[38;5;0m[HTTP][0m [90m[39m
[38;5;0m[HTTP][0m [37m-->[39m [37mGET[39m [37m/wd/hub/status[39m
[38;5;0m[HTTP][0m [90m{}[39m
[38;5;0m[HTTP][0m No route found for /wd/hub/status
[38;5;0m[HTTP][0m [37m<-- GET /wd/hub/status [39m[33m404[39m [90m1 ms - 211[39m
[38;5;0m[HTTP][0m [90m[39m
[38;5;0m[HTTP][0m [37m-->[39m [37mGET[39m [37m/wd/hub/status[39m
[38;5;0m[HTTP][0m [90m{}[39m
[38;5;0m[HTTP][0m No route found for /wd/hub/status
[38;5;0m[HTTP][0m [37m<-- GET /wd/hub/status [39m[33m404[39m [90m1 ms - 211[39m
[38;5;0m[HTTP][0m [90m[39m
[38;5;0m[HTTP][0m [37m-->[39m [37mGET[39m [37m/wd/hub/status[39m
[38;5;0m[HTTP][0m [90m{}[39m
[38;5;0m[HTTP][0m No route found for /wd/hub/status
[38;5;0m[HTTP][0m [37m<-- GET /wd/hub/status [39m[33m404[39m [90m1 ms - 211[39m
[38;5;0m[HTTP][0m [90m[39m
[38;5;0m[HTTP][0m [37m-->[39m [37mGET[39m [37m/wd/hub/status[39m
[38;5;0m[HTTP][0m [90m{}[39m
[38;5;0m[HTTP][0m No route found for /wd/hub/status
[38;5;0m[HTTP][0m [37m<-- GET /wd/hub/status [39m[33m404[39m [90m1 ms - 211[39m
[38;5;0m[HTTP][0m [90m[39m
[38;5;0m[HTTP][0m [37m-->[39m [37mGET[39m [37m/wd/hub/status[39m
[38;5;0m[HTTP][0m [90m{}[39m
[38;5;0m[HTTP][0m No route found for /wd/hub/status
[38;5;0m[HTTP][0m [37m<-- GET /wd/hub/status [39m[33m404[39m [90m1 ms - 211[39m
[38;5;0m[HTTP][0m [90m[39m
[38;5;0m[HTTP][0m [37m-->[39m [37mGET[39m [37m/wd/hub/status[39m
[38;5;0m[HTTP][0m [90m{}[39m
[38;5;0m[HTTP][0m No route found for /wd/hub/status
[38;5;0m[HTTP][0m [37m<-- GET /wd/hub/status [39m[33m404[39m [90m1 ms - 211[39m
[38;5;0m[HTTP][0m [90m[39m
[38;5;0m[HTTP][0m [37m-->[39m [37mGET[39m [37m/wd/hub/status[39m
[38;5;0m[HTTP][0m [90m{}[39m
[38;5;0m[HTTP][0m No route found for /wd/hub/status
[38;5;0m[HTTP][0m [37m<-- GET /wd/hub/status [39m[33m404[39m [90m1 ms - 211[39m
[38;5;0m[HTTP][0m [90m[39m
[38;5;0m[HTTP][0m [37m-->[39m [37mGET[39m [37m/wd/hub/status[39m
[38;5;0m[HTTP][0m [90m{}[39m
[38;5;0m[HTTP][0m No route found for /wd/hub/status
[38;5;0m[HTTP][0m [37m<-- GET /wd/hub/status [39m[33m404[39m [90m1 ms - 211[39m
[38;5;0m[HTTP][0m [90m[39m
[38;5;0m[HTTP][0m [37m-->[39m [37mGET[39m [37m/wd/hub/status[39m
[38;5;0m[HTTP][0m [90m{}[39m
[38;5;0m[HTTP][0m No route found for /wd/hub/status
[38;5;0m[HTTP][0m [37m<-- GET /wd/hub/status [39m[33m404[39m [90m3 ms - 211[39m
[38;5;0m[HTTP][0m [90m[39m
[38;5;0m[HTTP][0m [37m-->[39m [37mGET[39m [37m/wd/hub/status[39m
[38;5;0m[HTTP][0m [90m{}[39m
[38;5;0m[HTTP][0m No route found for /wd/hub/status
[38;5;0m[HTTP][0m [37m<-- GET /wd/hub/status [39m[33m404[39m [90m2 ms - 211[39m
[38;5;0m[HTTP][0m [90m[39m
[38;5;0m[HTTP][0m [37m-->[39m [37mGET[39m [37m/wd/hub/status[39m
[38;5;0m[HTTP][0m [90m{}[39m
[38;5;0m[HTTP][0m No route found for /wd/hub/status
[38;5;0m[HTTP][0m [37m<-- GET /wd/hub/status [39m[33m404[39m [90m1 ms - 211[39m
[38;5;0m[HTTP][0m [90m[39m
[38;5;0m[HTTP][0m [37m-->[39m [37mGET[39m [37m/wd/hub/status[39m
[38;5;0m[HTTP][0m [90m{}[39m
[38;5;0m[HTTP][0m No route found for /wd/hub/status
[38;5;0m[HTTP][0m [37m<-- GET /wd/hub/status [39m[33m404[39m [90m1 ms - 211[39m
[38;5;0m[HTTP][0m [90m[39m
[38;5;0m[HTTP][0m [37m-->[39m [37mGET[39m [37m/wd/hub/status[39m
[38;5;0m[HTTP][0m [90m{}[39m
[38;5;0m[HTTP][0m No route found for /wd/hub/status
[38;5;0m[HTTP][0m [37m<-- GET /wd/hub/status [39m[33m404[39m [90m1 ms - 211[39m
[38;5;0m[HTTP][0m [90m[39m
[38;5;0m[HTTP][0m [37m-->[39m [37mGET[39m [37m/wd/hub/status[39m
[38;5;0m[HTTP][0m [90m{}[39m
[38;5;0m[HTTP][0m No route found for /wd/hub/status
[38;5;0m[HTTP][0m [37m<-- GET /wd/hub/status [39m[33m404[39m [90m1 ms - 211[39m
[38;5;0m[HTTP][0m [90m[39m
[38;5;0m[HTTP][0m [37m-->[39m [37mGET[39m [37m/wd/hub/status[39m
[38;5;0m[HTTP][0m [90m{}[39m
[38;5;0m[HTTP][0m No route found for /wd/hub/status
[38;5;0m[HTTP][0m [37m<-- GET /wd/hub/status [39m[33m404[39m [90m1 ms - 211[39m
[38;5;0m[HTTP][0m [90m[39m
[38;5;0m[HTTP][0m [37m-->[39m [37mGET[39m [37m/wd/hub/status[39m
[38;5;0m[HTTP][0m [90m{}[39m
[38;5;0m[HTTP][0m No route found for /wd/hub/status
[38;5;0m[HTTP][0m [37m<-- GET /wd/hub/status [39m[33m404[39m [90m1 ms - 211[39m
[38;5;0m[HTTP][0m [90m[39m
[38;5;0m[HTTP][0m [37m-->[39m [37mGET[39m [37m/wd/hub/status[39m
[38;5;0m[HTTP][0m [90m{}[39m
[38;5;0m[HTTP][0m No route found for /wd/hub/status
[38;5;0m[HTTP][0m [37m<-- GET /wd/hub/status [39m[33m404[39m [90m1 ms - 211[39m
[38;5;0m[HTTP][0m [90m[39m
[38;5;0m[HTTP][0m [37m-->[39m [37mGET[39m [37m/wd/hub/status[39m
[38;5;0m[HTTP][0m [90m{}[39m
[38;5;0m[HTTP][0m No route found for /wd/hub/status
[38;5;0m[HTTP][0m [37m<-- GET /wd/hub/status [39m[33m404[39m [90m1 ms - 211[39m
[38;5;0m[HTTP][0m [90m[39m
[38;5;0m[HTTP][0m [37m-->[39m [37mGET[39m [37m/wd/hub/status[39m
[38;5;0m[HTTP][0m [90m{}[39m
[38;5;0m[HTTP][0m No route found for /wd/hub/status
[38;5;0m[HTTP][0m [37m<-- GET /wd/hub/status [39m[33m404[39m [90m3 ms - 211[39m
[38;5;0m[HTTP][0m [90m[39m
[38;5;0m[HTTP][0m [37m-->[39m [37mGET[39m [37m/wd/hub/status[39m
[38;5;0m[HTTP][0m [90m{}[39m
[38;5;0m[HTTP][0m No route found for /wd/hub/status
[38;5;0m[HTTP][0m [37m<-- GET /wd/hub/status [39m[33m404[39m [90m1 ms - 211[39m
[38;5;0m[HTTP][0m [90m[39m
[38;5;0m[HTTP][0m [37m-->[39m [37mGET[39m [37m/wd/hub/status[39m
[38;5;0m[HTTP][0m [90m{}[39m
[38;5;0m[HTTP][0m No route found for /wd/hub/status
[38;5;0m[HTTP][0m [37m<-- GET /wd/hub/status [39m[33m404[39m [90m1 ms - 211[39m
[38;5;0m[HTTP][0m [90m[39m
[38;5;0m[HTTP][0m [37m-->[39m [37mGET[39m [37m/wd/hub/status[39m
[38;5;0m[HTTP][0m [90m{}[39m
[38;5;0m[HTTP][0m No route found for /wd/hub/status
[38;5;0m[HTTP][0m [37m<-- GET /wd/hub/status [39m[33m404[39m [90m1 ms - 211[39m
[38;5;0m[HTTP][0m [90m[39m
[38;5;0m[HTTP][0m [37m-->[39m [37mGET[39m [37m/wd/hub/status[39m
[38;5;0m[HTTP][0m [90m{}[39m
[38;5;0m[HTTP][0m No route found for /wd/hub/status
[38;5;0m[HTTP][0m [37m<-- GET /wd/hub/status [39m[33m404[39m [90m1 ms - 211[39m
[38;5;0m[HTTP][0m [90m[39m
[38;5;0m[HTTP][0m [37m-->[39m [37mGET[39m [37m/wd/hub/status[39m
[38;5;0m[HTTP][0m [90m{}[39m
[38;5;0m[HTTP][0m No route found for /wd/hub/status
[38;5;0m[HTTP][0m [37m<-- GET /wd/hub/status [39m[33m404[39m [90m1 ms - 211[39m
[38;5;0m[HTTP][0m [90m[39m
[38;5;0m[HTTP][0m [37m-->[39m [37mGET[39m [37m/wd/hub/status[39m
[38;5;0m[HTTP][0m [90m{}[39m
[38;5;0m[HTTP][0m No route found for /wd/hub/status
[38;5;0m[HTTP][0m [37m<-- GET /wd/hub/status [39m[33m404[39m [90m1 ms - 211[39m
[38;5;0m[HTTP][0m [90m[39m
[38;5;0m[HTTP][0m [37m-->[39m [37mGET[39m [37m/wd/hub/status[39m
[38;5;0m[HTTP][0m [90m{}[39m
[38;5;0m[HTTP][0m No route found for /wd/hub/status
[38;5;0m[HTTP][0m [37m<-- GET /wd/hub/status [39m[33m404[39m [90m1 ms - 211[39m
[38;5;0m[HTTP][0m [90m[39m
[38;5;0m[HTTP][0m [37m-->[39m [37mGET[39m [37m/wd/hub/status[39m
[38;5;0m[HTTP][0m [90m{}[39m
[38;5;0m[HTTP][0m No route found for /wd/hub/status
[38;5;0m[HTTP][0m [37m<-- GET /wd/hub/status [39m[33m404[39m [90m1 ms - 211[39m
[38;5;0m[HTTP][0m [90m[39m
[38;5;0m[HTTP][0m [37m-->[39m [37mGET[39m [37m/wd/hub/status[39m
[38;5;0m[HTTP][0m [90m{}[39m
[38;5;0m[HTTP][0m No route found for /wd/hub/status
[38;5;0m[HTTP][0m [37m<-- GET /wd/hub/status [39m[33m404[39m [90m1 ms - 211[39m
[38;5;0m[HTTP][0m [90m[39m
[38;5;0m[HTTP][0m [37m-->[39m [37mGET[39m [37m/wd/hub/status[39m
[38;5;0m[HTTP][0m [90m{}[39m
[38;5;0m[HTTP][0m No route found for /wd/hub/status
[38;5;0m[HTTP][0m [37m<-- GET /wd/hub/status [39m[33m404[39m [90m1 ms - 211[39m
[38;5;0m[HTTP][0m [90m[39m
[38;5;0m[HTTP][0m [37m-->[39m [37mGET[39m [37m/wd/hub/status[39m
[38;5;0m[HTTP][0m [90m{}[39m
[38;5;0m[HTTP][0m No route found for /wd/hub/status
[38;5;0m[HTTP][0m [37m<-- GET /wd/hub/status [39m[33m404[39m [90m1 ms - 211[39m
[38;5;0m[HTTP][0m [90m[39m
[38;5;0m[HTTP][0m [37m-->[39m [37mGET[39m [37m/wd/hub/status[39m
[38;5;0m[HTTP][0m [90m{}[39m
[38;5;0m[HTTP][0m No route found for /wd/hub/status
[38;5;0m[HTTP][0m [37m<-- GET /wd/hub/status [39m[33m404[39m [90m1 ms - 211[39m
[38;5;0m[HTTP][0m [90m[39m
[38;5;0m[HTTP][0m [37m-->[39m [37mGET[39m [37m/wd/hub/status[39m
[38;5;0m[HTTP][0m [90m{}[39m
[38;5;0m[HTTP][0m No route found for /wd/hub/status
[38;5;0m[HTTP][0m [37m<-- GET /wd/hub/status [39m[33m404[39m [90m1 ms - 211[39m
[38;5;0m[HTTP][0m [90m[39m
[38;5;0m[HTTP][0m [37m-->[39m [37mGET[39m [37m/wd/hub/status[39m
[38;5;0m[HTTP][0m [90m{}[39m
[38;5;0m[HTTP][0m No route found for /wd/hub/status
[38;5;0m[HTTP][0m [37m<-- GET /wd/hub/status [39m[33m404[39m [90m1 ms - 211[39m
[38;5;0m[HTTP][0m [90m[39m
[38;5;0m[HTTP][0m [37m-->[39m [37mGET[39m [37m/wd/hub/status[39m
[38;5;0m[HTTP][0m [90m{}[39m
[38;5;0m[HTTP][0m No route found for /wd/hub/status
[38;5;0m[HTTP][0m [37m<-- GET /wd/hub/status [39m[33m404[39m [90m1 ms - 211[39m
[38;5;0m[HTTP][0m [90m[39m
[38;5;0m[HTTP][0m [37m-->[39m [37mGET[39m [37m/wd/hub/status[39m
[38;5;0m[HTTP][0m [90m{}[39m
[38;5;0m[HTTP][0m No route found for /wd/hub/status
[38;5;0m[HTTP][0m [37m<-- GET /wd/hub/status [39m[33m404[39m [90m1 ms - 211[39m
[38;5;0m[HTTP][0m [90m[39m
[38;5;0m[HTTP][0m [37m-->[39m [37mGET[39m [37m/wd/hub/status[39m
[38;5;0m[HTTP][0m [90m{}[39m
[38;5;0m[HTTP][0m No route found for /wd/hub/status
[38;5;0m[HTTP][0m [37m<-- GET /wd/hub/status [39m[33m404[39m [90m1 ms - 211[39m
[38;5;0m[HTTP][0m [90m[39m
[38;5;0m[HTTP][0m [37m-->[39m [37mGET[39m [37m/wd/hub/status[39m
[38;5;0m[HTTP][0m [90m{}[39m
[38;5;0m[HTTP][0m No route found for /wd/hub/status
[38;5;0m[HTTP][0m [37m<-- GET /wd/hub/status [39m[33m404[39m [90m1 ms - 211[39m
[38;5;0m[HTTP][0m [90m[39m
[38;5;0m[HTTP][0m [37m-->[39m [37mGET[39m [37m/wd/hub/status[39m
[38;5;0m[HTTP][0m [90m{}[39m
[38;5;0m[HTTP][0m No route found for /wd/hub/status
[38;5;0m[HTTP][0m [37m<-- GET /wd/hub/status [39m[33m404[39m [90m1 ms - 211[39m
[38;5;0m[HTTP][0m [90m[39m
[38;5;0m[HTTP][0m [37m-->[39m [37mGET[39m [37m/wd/hub/status[39m
[38;5;0m[HTTP][0m [90m{}[39m
[38;5;0m[HTTP][0m No route found for /wd/hub/status
[38;5;0m[HTTP][0m [37m<-- GET /wd/hub/status [39m[33m404[39m [90m1 ms - 211[39m
[38;5;0m[HTTP][0m [90m[39m
[38;5;0m[HTTP][0m [37m-->[39m [37mGET[39m [37m/wd/hub/status[39m
[38;5;0m[HTTP][0m [90m{}[39m
[38;5;0m[HTTP][0m No route found for /wd/hub/status
[38;5;0m[HTTP][0m [37m<-- GET /wd/hub/status [39m[33m404[39m [90m1 ms - 211[39m
[38;5;0m[HTTP][0m [90m[39m
[38;5;0m[HTTP][0m [37m-->[39m [37mGET[39m [37m/wd/hub/status[39m
[38;5;0m[HTTP][0m [90m{}[39m
[38;5;0m[HTTP][0m No route found for /wd/hub/status
[38;5;0m[HTTP][0m [37m<-- GET /wd/hub/status [39m[33m404[39m [90m1 ms - 211[39m
[38;5;0m[HTTP][0m [90m[39m
[38;5;0m[HTTP][0m [37m-->[39m [37mGET[39m [37m/wd/hub/status[39m
[38;5;0m[HTTP][0m [90m{}[39m
[38;5;0m[HTTP][0m No route found for /wd/hub/status
[38;5;0m[HTTP][0m [37m<-- GET /wd/hub/status [39m[33m404[39m [90m1 ms - 211[39m
[38;5;0m[HTTP][0m [90m[39m
[38;5;0m[HTTP][0m [37m-->[39m [37mGET[39m [37m/wd/hub/status[39m
[38;5;0m[HTTP][0m [90m{}[39m
[38;5;0m[HTTP][0m No route found for /wd/hub/status
[38;5;0m[HTTP][0m [37m<-- GET /wd/hub/status [39m[33m404[39m [90m1 ms - 211[39m
[38;5;0m[HTTP][0m [90m[39m
[38;5;0m[HTTP][0m [37m-->[39m [37mGET[39m [37m/wd/hub/status[39m
[38;5;0m[HTTP][0m [90m{}[39m
[38;5;0m[HTTP][0m No route found for /wd/hub/status
[38;5;0m[HTTP][0m [37m<-- GET /wd/hub/status [39m[33m404[39m [90m1 ms - 211[39m
[38;5;0m[HTTP][0m [90m[39m
[38;5;0m[HTTP][0m [37m-->[39m [37mGET[39m [37m/wd/hub/status[39m
[38;5;0m[HTTP][0m [90m{}[39m
[38;5;0m[HTTP][0m No route found for /wd/hub/status
[38;5;0m[HTTP][0m [37m<-- GET /wd/hub/status [39m[33m404[39m [90m1 ms - 211[39m
[38;5;0m[HTTP][0m [90m[39m
[38;5;0m[HTTP][0m [37m-->[39m [37mGET[39m [37m/wd/hub/status[39m
[38;5;0m[HTTP][0m [90m{}[39m
[38;5;0m[HTTP][0m No route found for /wd/hub/status
[38;5;0m[HTTP][0m [37m<-- GET /wd/hub/status [39m[33m404[39m [90m1 ms - 211[39m
[38;5;0m[HTTP][0m [90m[39m
[38;5;0m[HTTP][0m [37m-->[39m [37mGET[39m [37m/wd/hub/status[39m
[38;5;0m[HTTP][0m [90m{}[39m
[38;5;0m[HTTP][0m No route found for /wd/hub/status
[38;5;0m[HTTP][0m [37m<-- GET /wd/hub/status [39m[33m404[39m [90m1 ms - 211[39m
[38;5;0m[HTTP][0m [90m[39m
[38;5;0m[HTTP][0m [37m-->[39m [37mGET[39m [37m/wd/hub/status[39m
[38;5;0m[HTTP][0m [90m{}[39m
[38;5;0m[HTTP][0m No route found for /wd/hub/status
[38;5;0m[HTTP][0m [37m<-- GET /wd/hub/status [39m[33m404[39m [90m1 ms - 211[39m
[38;5;0m[HTTP][0m [90m[39m
[38;5;0m[HTTP][0m [37m-->[39m [37mGET[39m [37m/wd/hub/status[39m
[38;5;0m[HTTP][0m [90m{}[39m
[38;5;0m[HTTP][0m No route found for /wd/hub/status
[38;5;0m[HTTP][0m [37m<-- GET /wd/hub/status [39m[33m404[39m [90m1 ms - 211[39m
[38;5;0m[HTTP][0m [90m[39m
[38;5;0m[HTTP][0m [37m-->[39m [37mGET[39m [37m/wd/hub/status[39m
[38;5;0m[HTTP][0m [90m{}[39m
[38;5;0m[HTTP][0m No route found for /wd/hub/status
[38;5;0m[HTTP][0m [37m<-- GET /wd/hub/status [39m[33m404[39m [90m1 ms - 211[39m
[38;5;0m[HTTP][0m [90m[39m
[38;5;0m[HTTP][0m [37m-->[39m [37mGET[39m [37m/wd/hub/status[39m
[38;5;0m[HTTP][0m [90m{}[39m
[38;5;0m[HTTP][0m No route found for /wd/hub/status
[38;5;0m[HTTP][0m [37m<-- GET /wd/hub/status [39m[33m404[39m [90m1 ms - 211[39m
[38;5;0m[HTTP][0m [90m[39m
[38;5;0m[HTTP][0m [37m-->[39m [37mGET[39m [37m/wd/hub/status[39m
[38;5;0m[HTTP][0m [90m{}[39m
[38;5;0m[HTTP][0m No route found for /wd/hub/status
[38;5;0m[HTTP][0m [37m<-- GET /wd/hub/status [39m[33m404[39m [90m1 ms - 211[39m
[38;5;0m[HTTP][0m [90m[39m
[38;5;0m[HTTP][0m [37m-->[39m [37mGET[39m [37m/wd/hub/status[39m
[38;5;0m[HTTP][0m [90m{}[39m
[38;5;0m[HTTP][0m No route found for /wd/hub/status
[38;5;0m[HTTP][0m [37m<-- GET /wd/hub/status [39m[33m404[39m [90m1 ms - 211[39m
[38;5;0m[HTTP][0m [90m[39m
[38;5;0m[HTTP][0m [37m-->[39m [37mGET[39m [37m/wd/hub/status[39m
[38;5;0m[HTTP][0m [90m{}[39m
[38;5;0m[HTTP][0m No route found for /wd/hub/status
[38;5;0m[HTTP][0m [37m<-- GET /wd/hub/status [39m[33m404[39m [90m1 ms - 211[39m
[38;5;0m[HTTP][0m [90m[39m
[38;5;0m[HTTP][0m [37m-->[39m [37mGET[39m [37m/wd/hub/status[39m
[38;5;0m[HTTP][0m [90m{}[39m
[38;5;0m[HTTP][0m No route found for /wd/hub/status
[38;5;0m[HTTP][0m [37m<-- GET /wd/hub/status [39m[33m404[39m [90m1 ms - 211[39m
[38;5;0m[HTTP][0m [90m[39m
[38;5;0m[HTTP][0m [37m-->[39m [37mGET[39m [37m/wd/hub/status[39m
[38;5;0m[HTTP][0m [90m{}[39m
[38;5;0m[HTTP][0m No route found for /wd/hub/status
[38;5;0m[HTTP][0m [37m<-- GET /wd/hub/status [39m[33m404[39m [90m1 ms - 211[39m
[38;5;0m[HTTP][0m [90m[39m
[38;5;0m[HTTP][0m [37m-->[39m [37mGET[39m [37m/wd/hub/status[39m
[38;5;0m[HTTP][0m [90m{}[39m
[38;5;0m[HTTP][0m No route found for /wd/hub/status
[38;5;0m[HTTP][0m [37m<-- GET /wd/hub/status [39m[33m404[39m [90m1 ms - 211[39m
[38;5;0m[HTTP][0m [90m[39m
[38;5;0m[HTTP][0m [37m-->[39m [37mGET[39m [37m/wd/hub/status[39m
[38;5;0m[HTTP][0m [90m{}[39m
[38;5;0m[HTTP][0m No route found for /wd/hub/status
[38;5;0m[HTTP][0m [37m<-- GET /wd/hub/status [39m[33m404[39m [90m1 ms - 211[39m
[38;5;0m[HTTP][0m [90m[39m
[38;5;0m[HTTP][0m [37m-->[39m [37mGET[39m [37m/wd/hub/status[39m
[38;5;0m[HTTP][0m [90m{}[39m
[38;5;0m[HTTP][0m No route found for /wd/hub/status
[38;5;0m[HTTP][0m [37m<-- GET /wd/hub/status [39m[33m404[39m [90m1 ms - 211[39m
[38;5;0m[HTTP][0m [90m[39m
[38;5;0m[HTTP][0m [37m-->[39m [37mGET[39m [37m/wd/hub/status[39m
[38;5;0m[HTTP][0m [90m{}[39m
[38;5;0m[HTTP][0m No route found for /wd/hub/status
[38;5;0m[HTTP][0m [37m<-- GET /wd/hub/status [39m[33m404[39m [90m1 ms - 211[39m
[38;5;0m[HTTP][0m [90m[39m
[38;5;0m[HTTP][0m [37m-->[39m [37mGET[39m [37m/wd/hub/status[39m
[38;5;0m[HTTP][0m [90m{}[39m
[38;5;0m[HTTP][0m No route found for /wd/hub/status
[38;5;0m[HTTP][0m [37m<-- GET /wd/hub/status [39m[33m404[39m [90m1 ms - 211[39m
[38;5;0m[HTTP][0m [90m[39m
[38;5;0m[HTTP][0m [37m-->[39m [37mGET[39m [37m/wd/hub/status[39m
[38;5;0m[HTTP][0m [90m{}[39m
[38;5;0m[HTTP][0m No route found for /wd/hub/status
[38;5;0m[HTTP][0m [37m<-- GET /wd/hub/status [39m[33m404[39m [90m1 ms - 211[39m
[38;5;0m[HTTP][0m [90m[39m
[38;5;0m[HTTP][0m [37m-->[39m [37mGET[39m [37m/wd/hub/status[39m
[38;5;0m[HTTP][0m [90m{}[39m
[38;5;0m[HTTP][0m No route found for /wd/hub/status
[38;5;0m[HTTP][0m [37m<-- GET /wd/hub/status [39m[33m404[39m [90m2 ms - 211[39m
[38;5;0m[HTTP][0m [90m[39m
[38;5;0m[HTTP][0m [37m-->[39m [37mGET[39m [37m/wd/hub/status[39m
[38;5;0m[HTTP][0m [90m{}[39m
[38;5;0m[HTTP][0m No route found for /wd/hub/status
[38;5;0m[HTTP][0m [37m<-- GET /wd/hub/status [39m[33m404[39m [90m1 ms - 211[39m
[38;5;0m[HTTP][0m [90m[39m
[38;5;0m[HTTP][0m [37m-->[39m [37mGET[39m [37m/wd/hub/status[39m
[38;5;0m[HTTP][0m [90m{}[39m
[38;5;0m[HTTP][0m No route found for /wd/hub/status
[38;5;0m[HTTP][0m [37m<-- GET /wd/hub/status [39m[33m404[39m [90m1 ms - 211[39m
[38;5;0m[HTTP][0m [90m[39m
[38;5;0m[HTTP][0m [37m-->[39m [37mGET[39m [37m/wd/hub/status[39m
[38;5;0m[HTTP][0m [90m{}[39m
[38;5;0m[HTTP][0m No route found for /wd/hub/status
[38;5;0m[HTTP][0m [37m<-- GET /wd/hub/status [39m[33m404[39m [90m1 ms - 211[39m
[38;5;0m[HTTP][0m [90m[39m
[38;5;0m[HTTP][0m [37m-->[39m [37mGET[39m [37m/wd/hub/status[39m
[38;5;0m[HTTP][0m [90m{}[39m
[38;5;0m[HTTP][0m No route found for /wd/hub/status
[38;5;0m[HTTP][0m [37m<-- GET /wd/hub/status [39m[33m404[39m [90m1 ms - 211[39m
[38;5;0m[HTTP][0m [90m[39m
[38;5;0m[HTTP][0m [37m-->[39m [37mGET[39m [37m/wd/hub/status[39m
[38;5;0m[HTTP][0m [90m{}[39m
[38;5;0m[HTTP][0m No route found for /wd/hub/status
[38;5;0m[HTTP][0m [37m<-- GET /wd/hub/status [39m[33m404[39m [90m1 ms - 211[39m
[38;5;0m[HTTP][0m [90m[39m
[38;5;0m[HTTP][0m [37m-->[39m [37mGET[39m [37m/wd/hub/status[39m
[38;5;0m[HTTP][0m [90m{}[39m
[38;5;0m[HTTP][0m No route found for /wd/hub/status
[38;5;0m[HTTP][0m [37m<-- GET /wd/hub/status [39m[33m404[39m [90m0 ms - 211[39m
[38;5;0m[HTTP][0m [90m[39m
[38;5;0m[HTTP][0m [37m-->[39m [37mGET[39m [37m/wd/hub/status[39m
[38;5;0m[HTTP][0m [90m{}[39m
[38;5;0m[HTTP][0m No route found for /wd/hub/status
[38;5;0m[HTTP][0m [37m<-- GET /wd/hub/status [39m[33m404[39m [90m1 ms - 211[39m
[38;5;0m[HTTP][0m [90m[39m
[38;5;0m[HTTP][0m [37m-->[39m [37mGET[39m [37m/wd/hub/status[39m
[38;5;0m[HTTP][0m [90m{}[39m
[38;5;0m[HTTP][0m No route found for /wd/hub/status
[38;5;0m[HTTP][0m [37m<-- GET /wd/hub/status [39m[33m404[39m [90m1 ms - 211[39m
[38;5;0m[HTTP][0m [90m[39m
[38;5;0m[HTTP][0m [37m-->[39m [37mGET[39m [37m/wd/hub/status[39m
[38;5;0m[HTTP][0m [90m{}[39m
[38;5;0m[HTTP][0m No route found for /wd/hub/status
[38;5;0m[HTTP][0m [37m<-- GET /wd/hub/status [39m[33m404[39m [90m1 ms - 211[39m
[38;5;0m[HTTP][0m [90m[39m
[38;5;0m[HTTP][0m [37m-->[39m [37mGET[39m [37m/wd/hub/status[39m
[38;5;0m[HTTP][0m [90m{}[39m
[38;5;0m[HTTP][0m No route found for /wd/hub/status
[38;5;0m[HTTP][0m [37m<-- GET /wd/hub/status [39m[33m404[39m [90m1 ms - 211[39m
[38;5;0m[HTTP][0m [90m[39m
[38;5;0m[HTTP][0m [37m-->[39m [37mGET[39m [37m/wd/hub/status[39m
[38;5;0m[HTTP][0m [90m{}[39m
[38;5;0m[HTTP][0m No route found for /wd/hub/status
[38;5;0m[HTTP][0m [37m<-- GET /wd/hub/status [39m[33m404[39m [90m1 ms - 211[39m
[38;5;0m[HTTP][0m [90m[39m
[38;5;0m[HTTP][0m [37m-->[39m [37mGET[39m [37m/wd/hub/status[39m
[38;5;0m[HTTP][0m [90m{}[39m
[38;5;0m[HTTP][0m No route found for /wd/hub/status
[38;5;0m[HTTP][0m [37m<-- GET /wd/hub/status [39m[33m404[39m [90m1 ms - 211[39m
[38;5;0m[HTTP][0m [90m[39m
[38;5;0m[HTTP][0m [37m-->[39m [37mGET[39m [37m/wd/hub/status[39m
[38;5;0m[HTTP][0m [90m{}[39m
[38;5;0m[HTTP][0m No route found for /wd/hub/status
[38;5;0m[HTTP][0m [37m<-- GET /wd/hub/status [39m[33m404[39m [90m1 ms - 211[39m
[38;5;0m[HTTP][0m [90m[39m
[38;5;0m[HTTP][0m [37m-->[39m [37mGET[39m [37m/wd/hub/status[39m
[38;5;0m[HTTP][0m [90m{}[39m
[38;5;0m[HTTP][0m No route found for /wd/hub/status
[38;5;0m[HTTP][0m [37m<-- GET /wd/hub/status [39m[33m404[39m [90m1 ms - 211[39m
[38;5;0m[HTTP][0m [90m[39m
[38;5;0m[HTTP][0m [37m-->[39m [37mGET[39m [37m/wd/hub/status[39m
[38;5;0m[HTTP][0m [90m{}[39m
[38;5;0m[HTTP][0m No route found for /wd/hub/status
[38;5;0m[HTTP][0m [37m<-- GET /wd/hub/status [39m[33m404[39m [90m1 ms - 211[39m
[38;5;0m[HTTP][0m [90m[39m
[38;5;0m[HTTP][0m [37m-->[39m [37mGET[39m [37m/wd/hub/status[39m
[38;5;0m[HTTP][0m [90m{}[39m
[38;5;0m[HTTP][0m No route found for /wd/hub/status
[38;5;0m[HTTP][0m [37m<-- GET /wd/hub/status [39m[33m404[39m [90m1 ms - 211[39m
[38;5;0m[HTTP][0m [90m[39m
[38;5;0m[HTTP][0m [37m-->[39m [37mGET[39m [37m/wd/hub/status[39m
[38;5;0m[HTTP][0m [90m{}[39m
[38;5;0m[HTTP][0m No route found for /wd/hub/status
[38;5;0m[HTTP][0m [37m<-- GET /wd/hub/status [39m[33m404[39m [90m1 ms - 211[39m
[38;5;0m[HTTP][0m [90m[39m


at io.appium.java_client.service.local.AppiumDriverLocalService.start(AppiumDriverLocalService.java:164)
at pk_appium.Start_Stop_Server_Using_Code_Direct.setup(Start_Stop_Server_Using_Code_Direct.java:52)
at sun.reflect.NativeMethodAccessorImpl.invoke0(Native Method)
at sun.reflect.NativeMethodAccessorImpl.invoke(NativeMethodAccessorImpl.java:62)
at sun.reflect.DelegatingMethodAccessorImpl.invoke(DelegatingMethodAccessorImpl.java:43)
at java.lang.reflect.Method.invoke(Method.java:498)
at org.testng.internal.MethodInvocationHelper.invokeMethod(MethodInvocationHelper.java:133)
at org.testng.internal.MethodInvocationHelper.invokeMethodConsideringTimeout(MethodInvocationHelper.java:62)
at org.testng.internal.ConfigInvoker.invokeConfigurationMethod(ConfigInvoker.java:385)
at org.testng.internal.ConfigInvoker.invokeConfigurations(ConfigInvoker.java:321)
at org.testng.TestRunner.invokeTestConfigurations(TestRunner.java:637)
at org.testng.TestRunner.beforeRun(TestRunner.java:627)
at org.testng.TestRunner.run(TestRunner.java:589)
at org.testng.SuiteRunner.runTest(SuiteRunner.java:377)
at org.testng.SuiteRunner.runSequentially(SuiteRunner.java:371)
at org.testng.SuiteRunner.privateRun(SuiteRunner.java:332)
at org.testng.SuiteRunner.run(SuiteRunner.java:276)
at org.testng.SuiteRunnerWorker.runSuite(SuiteRunnerWorker.java:53)
at org.testng.SuiteRunnerWorker.run(SuiteRunnerWorker.java:96)
at org.testng.TestNG.runSuitesSequentially(TestNG.java:1212)
at org.testng.TestNG.runSuitesLocally(TestNG.java:1134)
at org.testng.TestNG.runSuites(TestNG.java:1063)
at org.testng.TestNG.run(TestNG.java:1031)
at org.testng.remote.AbstractRemoteTestNG.run(AbstractRemoteTestNG.java:115)
at org.testng.remote.RemoteTestNG.initAndRun(RemoteTestNG.java:251)
at org.testng.remote.RemoteTestNG.main(RemoteTestNG.java:77)
Caused by: org.openqa.selenium.net.UrlChecker$TimeoutException: Timed out waiting for [http://127.0.0.1:4723/wd/hub/status] to be available after 120005 ms
at org.openqa.selenium.net.UrlChecker.waitUntilAvailable(UrlChecker.java:100)
at io.appium.java_client.service.local.AppiumDriverLocalService.ping(AppiumDriverLocalService.java:129)
at io.appium.java_client.service.local.AppiumDriverLocalService.start(AppiumDriverLocalService.java:151)
... 25 more
Caused by: java.util.concurrent.TimeoutException
at java.util.concurrent.FutureTask.get(FutureTask.java:205)
at com.google.common.util.concurrent.SimpleTimeLimiter.callWithTimeout(SimpleTimeLimiter.java:156)
at org.openqa.selenium.net.UrlChecker.waitUntilAvailable(UrlChecker.java:75)
... 27 more
]]>
    </error>
  </testcase> <!-- setup -->
  <system-out/>
  <testcase name="EriBank_SignOn" time="0.000" classname="pk_appium.Start_Stop_Server_Using_Code_Direct">
    <skipped/>
  </testcase> <!-- EriBank_SignOn -->
  <system-out/>
  <testcase name="EriBank_MakePayment" time="0.000" classname="pk_appium.Start_Stop_Server_Using_Code_Direct">
    <skipped/>
  </testcase> <!-- EriBank_MakePayment -->
  <system-out/>
</testsuite> <!-- pk_appium.Start_Stop_Server_Using_Code_Direct -->
