<?xml version="1.0" encoding="UTF-8"?>
<!-- Generated by org.testng.reporters.JUnitReportReporter -->
<testsuite skipped="0" hostname="LAPTOP-CNPB3TNK" name="pk_appium.ScrollDown_Using_X_Y_Cordinate_Example" tests="1" failures="0" timestamp="2024-03-31T14:02:05 IST" time="6.353" errors="0">
  <testcase name="SwipByPercentage" time="6.353" classname="pk_appium.ScrollDown_Using_X_Y_Cordinate_Example"/>
  <system-out/>
</testsuite> <!-- pk_appium.ScrollDown_Using_X_Y_Cordinate_Example -->
